runcpu v5825 started at 2019-04-06 04:42:20 on "iiit-d"
runcpu is: /home/iiitd/Desktop/hw11/bin/harness/runcpu
runcpu: runcpu --config=gcc --size=test --copies=1 --noreportable --iterations=1 500.perlbench_r
toolset: linux-x86_64

Locating benchmarks...found 47 benchmarks in 53 benchsets.
Reading config file '/home/iiitd/Desktop/hw11/config/gcc.cfg'

1 configuration selected:

 Action    Run Mode   Workload     Report Type      Benchmarks
--------   --------   --------   ----------------   ---------------------------
validate   rate       test       SPECrate2017_int   500.perlbench_r            
-------------------------------------------------------------------------------

Setting up environment for running 500.perlbench_r...
Starting runcpu for 500.perlbench_r...
Running "specperl /home/iiitd/Desktop/hw11/bin/sysinfo" to gather system information.
sysinfo: r5974 of 2018-05-19 (9bcde8f2999c33d61f64985e45859ea9)
sysinfo: Getting system information for Linux...
sysinfo: ...getting CPU info
sysinfo: ...getting info from numactl
sysinfo: ...getting memory info
sysinfo: ...getting OS info
sysinfo: ...getting CPU vulnerability status from the kernel
sysinfo: ...getting disk info
sysinfo: ...trying to get DIMM info from dmidecode
Retrieving flags file (/home/iiitd/Desktop/hw11/config/flags/gcc.xml)...
Verbosity = 5
Action    = validate
Tune      = base
Label     = mytest-m64
Size      = test
benchmarks= 500.perlbench_r
outputs   = txt,html,cfg,pdf,csv
username  = iiitd
Environment settings:
LD_LIBRARY_PATH = "%{gcc_dir}/gcc"

Benchmarks selected: 500.perlbench_r
When checking executables (/home/iiitd/Desktop/hw11/benchspec/CPU/500.perlbench_r/exe/perlbench_r_base.mytest-m64), no checksums were
  found in the config file.  They will be installed after build.
When checking executables (/home/iiitd/Desktop/hw11/benchspec/CPU/500.perlbench_r/exe/perlbench_r_base.mytest-m64), no checksums were
  found in the config file.  They will be installed after build.
Compiling Binaries
------------------------------------------------------------------------
When checking options for /home/iiitd/Desktop/hw11/benchspec/CPU/500.perlbench_r/exe/perlbench_r_base.mytest-m64, no checksums were
  found in the config file.  They will be installed after build.
When checking executables (/home/iiitd/Desktop/hw11/benchspec/CPU/500.perlbench_r/exe/perlbench_r_base.mytest-m64), no checksums were
  found in the config file.  They will be installed after build.
  Building 500.perlbench_r base mytest-m64: (build_base_mytest-m64.0000) [2019-04-06 04:42:22]
Wrote to makefile '/home/iiitd/Desktop/hw11/benchspec/CPU/500.perlbench_r/build/build_base_mytest-m64.0000/Makefile.deps':
# End dependencies
# These are the build dependencies
$(addsuffix $(OBJ), $(basename XSUB.h)): XSUB.h perlapi.h
$(addsuffix $(OBJ), $(basename av.c)): av.c EXTERN.h av.h config.h cop.h cv.h embed.h embedvar.h form.h gv.h handy.h hv.h intrpvar.h iperlsys.h mg.h op.h opcode.h opnames.h overload.h pad.h parser.h patchlevel.h perl-orig-config.h perl.h perlio.h perlvars.h perly.h pp.h pp_proto.h proto.h regexp.h scope.h spec_config.h sv.h thread.h utf8.h util.h uudmap.h warnings.h
$(addsuffix $(OBJ), $(basename config.h)): config.h perl-orig-config.h spec_config.h
$(addsuffix $(OBJ), $(basename cpan/Digest-SHA/src/sha.c)): cpan/Digest-SHA/src/sha.c cpan/Digest-SHA/src/sha.h cpan/Digest-SHA/src/sha64bit.c cpan/Digest-SHA/src/sha64bit.h
$(addsuffix $(OBJ), $(basename deb.c)): deb.c EXTERN.h av.h config.h cop.h cv.h embed.h embedvar.h form.h gv.h handy.h hv.h intrpvar.h iperlsys.h mg.h op.h opcode.h opnames.h overload.h pad.h parser.h patchlevel.h perl-orig-config.h perl.h perlio.h perlvars.h perly.h pp.h pp_proto.h proto.h regexp.h scope.h spec_config.h sv.h thread.h utf8.h util.h uudmap.h warnings.h
$(addsuffix $(OBJ), $(basename doio.c)): doio.c EXTERN.h av.h config.h cop.h cv.h embed.h embedvar.h form.h gv.h handy.h hv.h intrpvar.h iperlsys.h mg.h op.h opcode.h opnames.h overload.h pad.h parser.h patchlevel.h perl-orig-config.h perl.h perlio.h perlvars.h perly.h pp.h pp_proto.h proto.h regexp.h scope.h spec_config.h sv.h thread.h utf8.h util.h uudmap.h warnings.h
$(addsuffix $(OBJ), $(basename doop.c)): doop.c EXTERN.h av.h config.h cop.h cv.h embed.h embedvar.h form.h gv.h handy.h hv.h intrpvar.h iperlsys.h mg.h op.h opcode.h opnames.h overload.h pad.h parser.h patchlevel.h perl-orig-config.h perl.h perlio.h perlvars.h perly.h pp.h pp_proto.h proto.h regexp.h scope.h spec_config.h sv.h thread.h utf8.h util.h uudmap.h warnings.h
$(addsuffix $(OBJ), $(basename dump.c)): dump.c EXTERN.h av.h config.h cop.h cv.h embed.h embedvar.h form.h gv.h handy.h hv.h intrpvar.h iperlsys.h mg.h mg_names.inc op.h opcode.h opnames.h overload.h pad.h parser.h patchlevel.h perl-orig-config.h perl.h perlio.h perlvars.h perly.h pp.h pp_proto.h proto.h regcharclass.h regcomp.h regexp.h regnodes.h scope.h spec_config.h sv.h thread.h utf8.h util.h uudmap.h warnings.h
$(addsuffix $(OBJ), $(basename ext/Cwd/Cwd.c)): ext/Cwd/Cwd.c EXTERN.h XSUB.h av.h config.h cop.h cv.h embed.h embedvar.h form.h gv.h handy.h hv.h intrpvar.h iperlsys.h mg.h op.h opcode.h opnames.h overload.h pad.h parser.h patchlevel.h perl-orig-config.h perl.h perlapi.h perlio.h perlvars.h perly.h pp.h pp_proto.h proto.h regexp.h scope.h spec_config.h sv.h thread.h utf8.h util.h uudmap.h warnings.h
$(addsuffix $(OBJ), $(basename ext/Data/Dumper/Dumper.c)): ext/Data/Dumper/Dumper.c EXTERN.h XSUB.h av.h config.h cop.h cv.h embed.h embedvar.h form.h gv.h handy.h hv.h intrpvar.h iperlsys.h mg.h op.h opcode.h opnames.h overload.h pad.h parser.h patchlevel.h perl-orig-config.h perl.h perlapi.h perlio.h perlvars.h perly.h pp.h pp_proto.h proto.h regexp.h scope.h spec_config.h sv.h thread.h utf8.h util.h uudmap.h warnings.h
$(addsuffix $(OBJ), $(basename ext/Devel/Peek/Peek.c)): ext/Devel/Peek/Peek.c EXTERN.h XSUB.h av.h config.h cop.h cv.h embed.h embedvar.h form.h gv.h handy.h hv.h intrpvar.h iperlsys.h mg.h op.h opcode.h opnames.h overload.h pad.h parser.h patchlevel.h perl-orig-config.h perl.h perlapi.h perlio.h perlvars.h perly.h pp.h pp_proto.h proto.h regexp.h scope.h spec_config.h sv.h thread.h utf8.h util.h uudmap.h warnings.h
$(addsuffix $(OBJ), $(basename ext/Digest/MD5/MD5.c)): ext/Digest/MD5/MD5.c EXTERN.h XSUB.h av.h config.h cop.h cv.h embed.h embedvar.h form.h gv.h handy.h hv.h intrpvar.h iperlsys.h mg.h op.h opcode.h opnames.h overload.h pad.h parser.h patchlevel.h perl-orig-config.h perl.h perlio.h perlvars.h perly.h pp.h pp_proto.h proto.h regexp.h scope.h spec_config.h sv.h thread.h utf8.h util.h uudmap.h warnings.h
$(addsuffix $(OBJ), $(basename ext/Digest/SHA/SHA.c)): ext/Digest/SHA/SHA.c EXTERN.h XSUB.h av.h config.h cop.h cpan/Digest-SHA/src/sha.c cv.h embed.h embedvar.h form.h gv.h handy.h hv.h intrpvar.h iperlsys.h mg.h op.h opcode.h opnames.h overload.h pad.h parser.h patchlevel.h perl-orig-config.h perl.h perlio.h perlvars.h perly.h pp.h pp_proto.h proto.h regexp.h scope.h spec_config.h sv.h thread.h utf8.h util.h uudmap.h warnings.h
$(addsuffix $(OBJ), $(basename ext/File-Glob/Glob.c)): ext/File-Glob/Glob.c av.h config.h cop.h cv.h embed.h embedvar.h ext/File-Glob/const-c.inc form.h gv.h handy.h hv.h intrpvar.h iperlsys.h mg.h op.h opcode.h opnames.h overload.h pad.h parser.h patchlevel.h perl-orig-config.h perl.h perlio.h perlvars.h perly.h pp.h pp_proto.h proto.h regexp.h scope.h spec_config.h sv.h thread.h utf8.h util.h uudmap.h warnings.h
$(addsuffix $(OBJ), $(basename ext/IO/IO.c)): ext/IO/IO.c EXTERN.h XSUB.h av.h config.h cop.h cv.h embed.h embedvar.h ext/IO/poll.h form.h gv.h handy.h hv.h intrpvar.h iperlsys.h mg.h op.h opcode.h opnames.h overload.h pad.h parser.h patchlevel.h perl-orig-config.h perl.h perlapi.h perlio.h perlvars.h perly.h pp.h pp_proto.h proto.h regexp.h scope.h spec_config.h sv.h thread.h utf8.h util.h uudmap.h warnings.h
$(addsuffix $(OBJ), $(basename ext/IO/poll.c)): ext/IO/poll.c EXTERN.h XSUB.h av.h config.h cop.h cv.h embed.h embedvar.h ext/IO/poll.h form.h gv.h handy.h hv.h intrpvar.h iperlsys.h mg.h op.h opcode.h opnames.h overload.h pad.h parser.h patchlevel.h perl-orig-config.h perl.h perlapi.h perlio.h perlvars.h perly.h pp.h pp_proto.h proto.h regexp.h scope.h spec_config.h sv.h thread.h utf8.h util.h uudmap.h warnings.h
$(addsuffix $(OBJ), $(basename ext/MIME/Base64/Base64.c)): ext/MIME/Base64/Base64.c EXTERN.h XSUB.h av.h config.h cop.h cv.h embed.h embedvar.h form.h gv.h handy.h hv.h intrpvar.h iperlsys.h mg.h op.h opcode.h opnames.h overload.h pad.h parser.h patchlevel.h perl-orig-config.h perl.h perlapi.h perlio.h perlvars.h perly.h pp.h pp_proto.h proto.h regexp.h scope.h spec_config.h sv.h thread.h utf8.h util.h uudmap.h warnings.h
$(addsuffix $(OBJ), $(basename ext/Storable/Storable.c)): ext/Storable/Storable.c EXTERN.h XSUB.h av.h config.h cop.h cv.h embed.h embedvar.h form.h gv.h handy.h hv.h intrpvar.h iperlsys.h mg.h op.h opcode.h opnames.h overload.h pad.h parser.h patchlevel.h perl-orig-config.h perl.h perlapi.h perlio.h perlvars.h perly.h pp.h pp_proto.h proto.h regexp.h scope.h spec_config.h sv.h thread.h utf8.h util.h uudmap.h warnings.h
$(addsuffix $(OBJ), $(basename ext/Sys/Hostname/Hostname.c)): ext/Sys/Hostname/Hostname.c EXTERN.h XSUB.h av.h config.h cop.h cv.h embed.h embedvar.h form.h gv.h handy.h hv.h intrpvar.h iperlsys.h mg.h op.h opcode.h opnames.h overload.h pad.h parser.h patchlevel.h perl-orig-config.h perl.h perlapi.h perlio.h perlvars.h perly.h pp.h pp_proto.h proto.h regexp.h scope.h spec_config.h sv.h thread.h utf8.h util.h uudmap.h warnings.h
$(addsuffix $(OBJ), $(basename ext/Time/HiRes/HiRes.c)): ext/Time/HiRes/HiRes.c EXTERN.h XSUB.h av.h config.h cop.h cv.h embed.h embedvar.h ext/Time/HiRes/const-c.inc form.h gv.h handy.h hv.h intrpvar.h iperlsys.h mg.h op.h opcode.h opnames.h overload.h pad.h parser.h patchlevel.h perl-orig-config.h perl.h perlapi.h perlio.h perlvars.h perly.h pp.h pp_proto.h proto.h regexp.h scope.h spec_config.h sv.h thread.h utf8.h util.h uudmap.h warnings.h
$(addsuffix $(OBJ), $(basename ext/attrs/attrs.c)): ext/attrs/attrs.c EXTERN.h XSUB.h av.h config.h cop.h cv.h embed.h embedvar.h form.h gv.h handy.h hv.h intrpvar.h iperlsys.h mg.h op.h opcode.h opnames.h overload.h pad.h parser.h patchlevel.h perl-orig-config.h perl.h perlapi.h perlio.h perlvars.h perly.h pp.h pp_proto.h proto.h regexp.h scope.h spec_config.h sv.h thread.h utf8.h util.h uudmap.h warnings.h
$(addsuffix $(OBJ), $(basename ext/re/re_comp.c)): ext/re/re_comp.c regcomp.c
$(addsuffix $(OBJ), $(basename ext/re/re_exec.c)): ext/re/re_exec.c invlist_inline.h
$(addsuffix $(OBJ), $(basename globals.c)): globals.c INTERN.h av.h config.h cop.h cv.h embed.h embedvar.h form.h gv.h handy.h hv.h intrpvar.h iperlsys.h mg.h op.h opcode.h opnames.h overload.h pad.h parser.h patchlevel.h perl-orig-config.h perl.h perlapi.h perlio.h perlvars.h perly.h pp.h pp_proto.h proto.h regexp.h scope.h spec_config.h sv.h thread.h utf8.h util.h uudmap.h warnings.h
$(addsuffix $(OBJ), $(basename gv.c)): gv.c EXTERN.h av.h config.h cop.h cv.h embed.h embedvar.h form.h gv.h handy.h hv.h intrpvar.h iperlsys.h mg.h op.h opcode.h opnames.h overload.h overload.inc pad.h parser.h patchlevel.h perl-orig-config.h perl.h perlio.h perlvars.h perly.h pp.h pp_proto.h proto.h regexp.h scope.h spec_config.h sv.h thread.h utf8.h util.h uudmap.h warnings.h
$(addsuffix $(OBJ), $(basename hv.c)): hv.c EXTERN.h av.h config.h cop.h cv.h embed.h embedvar.h form.h gv.h handy.h hv.h intrpvar.h iperlsys.h mg.h op.h opcode.h opnames.h overload.h pad.h parser.h patchlevel.h perl-orig-config.h perl.h perlio.h perlvars.h perly.h pp.h pp_proto.h proto.h regexp.h scope.h spec_config.h sv.h thread.h utf8.h util.h uudmap.h warnings.h
$(addsuffix $(OBJ), $(basename iperlsys.h)): iperlsys.h perlio.h
$(addsuffix $(OBJ), $(basename locale.c)): locale.c EXTERN.h av.h config.h cop.h cv.h embed.h embedvar.h form.h gv.h handy.h hv.h intrpvar.h iperlsys.h mg.h op.h opcode.h opnames.h overload.h pad.h parser.h patchlevel.h perl-orig-config.h perl.h perlio.h perlvars.h perly.h pp.h pp_proto.h proto.h regexp.h scope.h spec_config.h sv.h thread.h utf8.h util.h uudmap.h warnings.h
$(addsuffix $(OBJ), $(basename mg.c)): mg.c EXTERN.h av.h config.h cop.h cv.h embed.h embedvar.h form.h gv.h handy.h hv.h intrpvar.h iperlsys.h mg.h op.h opcode.h opnames.h overload.h pad.h parser.h patchlevel.h perl-orig-config.h perl.h perlio.h perlvars.h perly.h pp.h pp_proto.h proto.h regexp.h scope.h spec_config.h sv.h thread.h utf8.h util.h uudmap.h warnings.h
$(addsuffix $(OBJ), $(basename non-core-ext/HTML/Parser/Parser.c)): non-core-ext/HTML/Parser/Parser.c EXTERN.h XSUB.h av.h config.h cop.h cv.h embed.h embedvar.h form.h gv.h handy.h hv.h intrpvar.h iperlsys.h mg.h non-core-ext/HTML/Parser/hctype.h non-core-ext/HTML/Parser/hparser.c non-core-ext/HTML/Parser/hparser.h non-core-ext/HTML/Parser/parser-util.c non-core-ext/HTML/Parser/tokenpos.h op.h opcode.h opnames.h overload.h pad.h parser.h patchlevel.h perl-orig-config.h perl.h perlapi.h perlio.h perlvars.h perly.h pp.h pp_proto.h proto.h regexp.h scope.h spec_config.h sv.h thread.h utf8.h util.h uudmap.h warnings.h
$(addsuffix $(OBJ), $(basename non-core-ext/HTML/Parser/hparser.c)): non-core-ext/HTML/Parser/hparser.c hctype.h tokenpos.h
$(addsuffix $(OBJ), $(basename numeric.c)): numeric.c EXTERN.h av.h config.h cop.h cv.h embed.h embedvar.h form.h gv.h handy.h hv.h intrpvar.h iperlsys.h mg.h op.h opcode.h opnames.h overload.h pad.h parser.h patchlevel.h perl-orig-config.h perl.h perlio.h perlvars.h perly.h pp.h pp_proto.h proto.h regexp.h scope.h spec_config.h sv.h thread.h utf8.h util.h uudmap.h warnings.h
$(addsuffix $(OBJ), $(basename op.c)): op.c EXTERN.h XSUB.h av.h config.h cop.h cv.h embed.h embedvar.h form.h gv.h handy.h hv.h intrpvar.h iperlsys.h keywords.h mg.h op.h opcode.h opnames.h overload.h pad.h parser.h patchlevel.h perl-orig-config.h perl.h perlapi.h perlio.h perlvars.h perly.h pp.h pp_proto.h proto.h regexp.h scope.h spec_config.h sv.h thread.h utf8.h util.h uudmap.h warnings.h
$(addsuffix $(OBJ), $(basename pad.c)): pad.c EXTERN.h av.h config.h cop.h cv.h embed.h embedvar.h form.h gv.h handy.h hv.h intrpvar.h iperlsys.h mg.h op.h opcode.h opnames.h overload.h pad.h parser.h patchlevel.h perl-orig-config.h perl.h perlio.h perlvars.h perly.h pp.h pp_proto.h proto.h regexp.h scope.h spec_config.h sv.h thread.h utf8.h util.h uudmap.h warnings.h
$(addsuffix $(OBJ), $(basename perl.c)): perl.c EXTERN.h av.h config.h cop.h cv.h embed.h embedvar.h form.h gv.h handy.h hv.h intrpvar.h iperlsys.h mg.h op.h opcode.h opnames.h overload.h pad.h parser.h patchlevel.h perl-orig-config.h perl.h perlio.h perlvars.h perly.h pp.h pp_proto.h proto.h regexp.h scope.h spec_config.h sv.h thread.h utf8.h util.h uudmap.h warnings.h
$(addsuffix $(OBJ), $(basename perlapi.c)): perlapi.c EXTERN.h av.h config.h cop.h cv.h embed.h embedvar.h form.h gv.h handy.h hv.h intrpvar.h iperlsys.h mg.h op.h opcode.h opnames.h overload.h pad.h parser.h patchlevel.h perl-orig-config.h perl.h perlapi.h perlio.h perlvars.h perly.h pp.h pp_proto.h proto.h regexp.h scope.h spec_config.h sv.h thread.h utf8.h util.h uudmap.h warnings.h
$(addsuffix $(OBJ), $(basename perlhost.h)): perlhost.h iperlsys.h perlio.h vdir.h vmem.h
$(addsuffix $(OBJ), $(basename perlio.c)): perlio.c EXTERN.h XSUB.h av.h config.h cop.h cv.h embed.h embedvar.h form.h gv.h handy.h hv.h intrpvar.h iperlsys.h mg.h op.h opcode.h opnames.h overload.h pad.h parser.h patchlevel.h perl-orig-config.h perl.h perlapi.h perlio.h perliol.h perlsdio.h perlvars.h perly.h pp.h pp_proto.h proto.h regexp.h scope.h spec_config.h sv.h thread.h utf8.h util.h uudmap.h warnings.h
$(addsuffix $(OBJ), $(basename perlmain.c)): perlmain.c EXTERN.h av.h config.h cop.h cv.h embed.h embedvar.h form.h gv.h handy.h hv.h intrpvar.h iperlsys.h mg.h op.h opcode.h opnames.h overload.h pad.h parser.h patchlevel.h perl-orig-config.h perl.h perlio.h perlvars.h perly.h pp.h pp_proto.h proto.h regexp.h scope.h spec_config.h sv.h thread.h utf8.h util.h uudmap.h warnings.h
$(addsuffix $(OBJ), $(basename perly.c)): perly.c EXTERN.h av.h config.h cop.h cv.h embed.h embedvar.h form.h gv.h handy.h hv.h intrpvar.h iperlsys.h mg.h op.h opcode.h opnames.h overload.h pad.h parser.h patchlevel.h perl-orig-config.h perl.h perlio.h perlvars.h perly.h pp.h pp_proto.h proto.h regexp.h scope.h spec_config.h sv.h thread.h utf8.h util.h uudmap.h warnings.h
$(addsuffix $(OBJ), $(basename pp.c)): pp.c EXTERN.h av.h config.h cop.h cv.h embed.h embedvar.h form.h gv.h handy.h hv.h intrpvar.h iperlsys.h keywords.h mg.h op.h opcode.h opnames.h overload.h pad.h parser.h patchlevel.h perl-orig-config.h perl.h perlio.h perlvars.h perly.h pp.h pp_proto.h proto.h reentr.h regexp.h scope.h spec_config.h specrand/specrand.h sv.h thread.h utf8.h util.h uudmap.h warnings.h
$(addsuffix $(OBJ), $(basename pp_ctl.c)): pp_ctl.c EXTERN.h av.h config.h cop.h cv.h embed.h embedvar.h form.h gv.h handy.h hv.h intrpvar.h iperlsys.h mg.h op.h opcode.h opnames.h overload.h pad.h parser.h patchlevel.h perl-orig-config.h perl.h perlio.h perlvars.h perly.h pp.h pp_proto.h proto.h regexp.h scope.h spec_config.h sv.h thread.h utf8.h util.h uudmap.h warnings.h
$(addsuffix $(OBJ), $(basename pp_hot.c)): pp_hot.c EXTERN.h av.h config.h cop.h cv.h embed.h embedvar.h form.h gv.h handy.h hv.h intrpvar.h iperlsys.h mg.h op.h opcode.h opnames.h overload.h pad.h parser.h patchlevel.h perl-orig-config.h perl.h perlio.h perlvars.h perly.h pp.h pp_proto.h proto.h regexp.h scope.h spec_config.h sv.h thread.h utf8.h util.h uudmap.h warnings.h
$(addsuffix $(OBJ), $(basename pp_pack.c)): pp_pack.c EXTERN.h av.h config.h cop.h cv.h embed.h embedvar.h form.h gv.h handy.h hv.h intrpvar.h iperlsys.h mg.h op.h opcode.h opnames.h overload.h packsizetables.inc pad.h parser.h patchlevel.h perl-orig-config.h perl.h perlio.h perlvars.h perly.h pp.h pp_proto.h proto.h regexp.h scope.h spec_config.h sv.h thread.h utf8.h util.h uudmap.h warnings.h
$(addsuffix $(OBJ), $(basename pp_sort.c)): pp_sort.c EXTERN.h av.h config.h cop.h cv.h embed.h embedvar.h form.h gv.h handy.h hv.h intrpvar.h iperlsys.h mg.h op.h opcode.h opnames.h overload.h pad.h parser.h patchlevel.h perl-orig-config.h perl.h perlio.h perlvars.h perly.h pp.h pp_proto.h proto.h regexp.h scope.h spec_config.h specrand/specrand.h sv.h thread.h utf8.h util.h uudmap.h warnings.h
$(addsuffix $(OBJ), $(basename pp_sys.c)): pp_sys.c EXTERN.h av.h config.h cop.h cv.h embed.h embedvar.h form.h gv.h handy.h hv.h intrpvar.h iperlsys.h mg.h op.h opcode.h opnames.h overload.h pad.h parser.h patchlevel.h perl-orig-config.h perl.h perlio.h perlvars.h perly.h pp.h pp_proto.h proto.h reentr.h regexp.h scope.h spec_config.h sv.h thread.h time64.c utf8.h util.h uudmap.h warnings.h
$(addsuffix $(OBJ), $(basename proto.h)): proto.h pp_proto.h
$(addsuffix $(OBJ), $(basename reentr.c)): reentr.c EXTERN.h av.h config.h cop.h cv.h embed.h embedvar.h form.h gv.h handy.h hv.h intrpvar.h iperlsys.h mg.h op.h opcode.h opnames.h overload.h pad.h parser.h patchlevel.h perl-orig-config.h perl.h perlio.h perlvars.h perly.h pp.h pp_proto.h proto.h reentr.h regexp.h scope.h spec_config.h sv.h thread.h utf8.h util.h uudmap.h warnings.h
$(addsuffix $(OBJ), $(basename regcomp.c)): regcomp.c EXTERN.h INTERN.h av.h config.h cop.h cv.h dquote.c embed.h embedvar.h form.h gv.h handy.h hv.h intrpvar.h invlist_inline.h iperlsys.h mg.h op.h opcode.h opnames.h overload.h pad.h parser.h patchlevel.h perl-orig-config.h perl.h perlio.h perlvars.h perly.h pp.h pp_proto.h proto.h regcharclass.h regcomp.h regexp.h regnodes.h scope.h spec_config.h sv.h thread.h utf8.h util.h uudmap.h warnings.h
$(addsuffix $(OBJ), $(basename regexec.c)): regexec.c EXTERN.h av.h config.h cop.h cv.h embed.h embedvar.h form.h gv.h handy.h hv.h intrpvar.h invlist_inline.h iperlsys.h mg.h op.h opcode.h opnames.h overload.h pad.h parser.h patchlevel.h perl-orig-config.h perl.h perlio.h perlvars.h perly.h pp.h pp_proto.h proto.h regcharclass.h regcomp.h regexp.h regnodes.h scope.h spec_config.h sv.h thread.h utf8.h util.h uudmap.h warnings.h
$(addsuffix $(OBJ), $(basename run.c)): run.c EXTERN.h av.h config.h cop.h cv.h embed.h embedvar.h form.h gv.h handy.h hv.h intrpvar.h iperlsys.h mg.h op.h opcode.h opnames.h overload.h pad.h parser.h patchlevel.h perl-orig-config.h perl.h perlio.h perlvars.h perly.h pp.h pp_proto.h proto.h regexp.h scope.h spec_config.h sv.h thread.h utf8.h util.h uudmap.h warnings.h
$(addsuffix $(OBJ), $(basename scope.c)): scope.c EXTERN.h av.h config.h cop.h cv.h embed.h embedvar.h form.h gv.h handy.h hv.h intrpvar.h iperlsys.h mg.h op.h opcode.h opnames.h overload.h pad.h parser.h patchlevel.h perl-orig-config.h perl.h perlio.h perlvars.h perly.h pp.h pp_proto.h proto.h regexp.h scope.h spec_config.h sv.h thread.h utf8.h util.h uudmap.h warnings.h
$(addsuffix $(OBJ), $(basename sv.c)): sv.c EXTERN.h av.h config.h cop.h cv.h embed.h embedvar.h form.h gv.h handy.h hv.h intrpvar.h iperlsys.h mg.h op.h opcode.h opnames.h overload.h pad.h parser.h patchlevel.h perl-orig-config.h perl.h perlio.h perlvars.h perly.h pp.h pp_proto.h proto.h regcharclass.h regcomp.h regexp.h regnodes.h scope.h spec_config.h sv.h thread.h utf8.h util.h uudmap.h warnings.h
$(addsuffix $(OBJ), $(basename taint.c)): taint.c EXTERN.h av.h config.h cop.h cv.h embed.h embedvar.h form.h gv.h handy.h hv.h intrpvar.h iperlsys.h mg.h op.h opcode.h opnames.h overload.h pad.h parser.h patchlevel.h perl-orig-config.h perl.h perlio.h perlvars.h perly.h pp.h pp_proto.h proto.h regexp.h scope.h spec_config.h sv.h thread.h utf8.h util.h uudmap.h warnings.h
$(addsuffix $(OBJ), $(basename toke.c)): toke.c EXTERN.h av.h config.h cop.h cv.h dquote.c embed.h embedvar.h form.h gv.h handy.h hv.h intrpvar.h iperlsys.h keywords.h mg.h op.h opcode.h opnames.h overload.h pad.h parser.h patchlevel.h perl-orig-config.h perl.h perlio.h perlvars.h perly.h pp.h pp_proto.h proto.h regexp.h scope.h spec_config.h sv.h thread.h utf8.h util.h uudmap.h warnings.h
$(addsuffix $(OBJ), $(basename universal.c)): universal.c EXTERN.h XSUB.h av.h config.h cop.h cv.h embed.h embedvar.h form.h gv.h handy.h hv.h intrpvar.h iperlsys.h mg.h op.h opcode.h opnames.h overload.h pad.h parser.h patchlevel.h perl-orig-config.h perl.h perlapi.h perlio.h perliol.h perlvars.h perly.h pp.h pp_proto.h proto.h regexp.h scope.h spec_config.h sv.h thread.h utf8.h util.h uudmap.h vxs.inc warnings.h
$(addsuffix $(OBJ), $(basename utf8.c)): utf8.c EXTERN.h av.h config.h cop.h cv.h embed.h embedvar.h form.h gv.h handy.h hv.h intrpvar.h invlist_inline.h iperlsys.h mg.h op.h opcode.h opnames.h overload.h pad.h parser.h patchlevel.h perl-orig-config.h perl.h perlio.h perlvars.h perly.h pp.h pp_proto.h proto.h regexp.h scope.h spec_config.h sv.h thread.h utf8.h util.h uudmap.h warnings.h
$(addsuffix $(OBJ), $(basename util.c)): util.c EXTERN.h av.h config.h cop.h cv.h embed.h embedvar.h form.h gv.h handy.h hv.h intrpvar.h iperlsys.h mg.h op.h opcode.h opnames.h overload.h pad.h parser.h patchlevel.h perl-orig-config.h perl.h perlio.h perlvars.h perly.h pp.h pp_proto.h proto.h regexp.h scope.h spec_config.h specrand/specrand.h sv.h thread.h utf8.h util.h uudmap.h vutil.c warnings.h
$(addsuffix $(OBJ), $(basename win32/perllib.c)): win32/perllib.c EXTERN.h XSUB.h av.h config.h cop.h cv.h embed.h embedvar.h form.h gv.h handy.h hv.h intrpvar.h iperlsys.h mg.h op.h opcode.h opnames.h overload.h pad.h parser.h patchlevel.h perl-orig-config.h perl.h perlapi.h perlio.h perlvars.h perly.h pp.h pp_proto.h proto.h regexp.h scope.h spec_config.h sv.h thread.h utf8.h util.h uudmap.h warnings.h
$(addsuffix $(OBJ), $(basename win32/win32.c)): win32/win32.c EXTERN.h XSUB.h av.h config.h cop.h cv.h embed.h embedvar.h form.h gv.h handy.h hv.h intrpvar.h iperlsys.h mg.h op.h opcode.h opnames.h overload.h pad.h parser.h patchlevel.h perl-orig-config.h perl.h perlapi.h perlio.h perlvars.h perly.h pp.h pp_proto.h proto.h regexp.h scope.h spec_config.h sv.h thread.h utf8.h util.h uudmap.h warnings.h win32/win32iop.h
$(addsuffix $(OBJ), $(basename win32/win32io.c)): win32/win32io.c EXTERN.h XSUB.h av.h config.h cop.h cv.h embed.h embedvar.h form.h gv.h handy.h hv.h intrpvar.h iperlsys.h mg.h op.h opcode.h opnames.h overload.h pad.h parser.h patchlevel.h perl-orig-config.h perl.h perlapi.h perlio.h perliol.h perlvars.h perly.h pp.h pp_proto.h proto.h regexp.h scope.h spec_config.h sv.h thread.h utf8.h util.h uudmap.h warnings.h
$(addsuffix $(OBJ), $(basename win32/win32sck.c)): win32/win32sck.c EXTERN.h av.h config.h cop.h cv.h embed.h embedvar.h form.h gv.h handy.h hv.h intrpvar.h iperlsys.h mg.h op.h opcode.h opnames.h overload.h pad.h parser.h patchlevel.h perl-orig-config.h perl.h perlio.h perlvars.h perly.h pp.h pp_proto.h proto.h regexp.h scope.h spec_config.h sv.h thread.h utf8.h util.h uudmap.h warnings.h win32/win32iop.h
$(addsuffix $(OBJ), $(basename win32/win32thread.c)): win32/win32thread.c EXTERN.h av.h config.h cop.h cv.h embed.h embedvar.h form.h gv.h handy.h hv.h intrpvar.h iperlsys.h mg.h op.h opcode.h opnames.h overload.h pad.h parser.h patchlevel.h perl-orig-config.h perl.h perlio.h perlvars.h perly.h pp.h pp_proto.h proto.h regexp.h scope.h spec_config.h sv.h thread.h utf8.h util.h uudmap.h warnings.h win32/win32.h win32/win32iop.h
$(addsuffix $(OBJ), $(basename xsutils.c)): xsutils.c EXTERN.h XSUB.h av.h config.h cop.h cv.h embed.h embedvar.h form.h gv.h handy.h hv.h intrpvar.h iperlsys.h mg.h op.h opcode.h opnames.h overload.h pad.h parser.h patchlevel.h perl-orig-config.h perl.h perlapi.h perlio.h perlvars.h perly.h pp.h pp_proto.h proto.h regexp.h scope.h spec_config.h sv.h thread.h utf8.h util.h uudmap.h warnings.h
Wrote to makefile '/home/iiitd/Desktop/hw11/benchspec/CPU/500.perlbench_r/build/build_base_mytest-m64.0000/Makefile.spec':
TUNE=base
LABEL=mytest-m64
NUMBER=500
NAME=perlbench_r
SOURCES= av.c caretx.c deb.c doio.c doop.c dump.c globals.c gv.c hv.c \
	 keywords.c locale.c mg.c numeric.c op.c pad.c perl.c perlapi.c perlio.c \
	 perlmain.c perly.c pp.c pp_ctl.c pp_hot.c pp_pack.c pp_sort.c pp_sys.c \
	 regcomp.c regexec.c run.c scope.c sv.c taint.c toke.c universal.c utf8.c \
	 util.c reentr.c mro_core.c mathoms.c specrand/specrand.c \
	 dist/PathTools/Cwd.c dist/Data-Dumper/Dumper.c ext/Devel-Peek/Peek.c \
	 cpan/Digest-MD5/MD5.c cpan/Digest-SHA/SHA.c DynaLoader.c dist/IO/IO.c \
	 dist/IO/poll.c cpan/MIME-Base64/Base64.c Opcode.c \
	 dist/Storable/Storable.c ext/Sys-Hostname/Hostname.c \
	 cpan/Time-HiRes/HiRes.c ext/XS-Typemap/stdio.c \
	 ext/attributes/attributes.c cpan/HTML-Parser/Parser.c ext/mro/mro.c \
	 ext/re/re.c ext/re/re_comp.c ext/re/re_exec.c ext/arybase/arybase.c \
	 ext/PerlIO-scalar/scalar.c ext/PerlIO-via/via.c ext/File-Glob/bsd_glob.c \
	 ext/File-Glob/Glob.c ext/Hash-Util/Util.c \
	 ext/Hash-Util-FieldHash/FieldHash.c \
	 ext/Tie-Hash-NamedCapture/NamedCapture.c \
	 cpan/Scalar-List-Utils/ListUtil.c
EXEBASE=perlbench_r
NEED_MATH=yes
BENCHLANG=C
BENCH_FLAGS      = -DPERL_CORE -I. -Idist/IO -Icpan/Time-HiRes -Icpan/HTML-Parser -Iext/re -Ispecrand -DDOUBLE_SLASHES_SPECIAL=0 -DSPEC_AUTO_SUPPRESS_OPENMP -D_LARGE_FILES -D_LARGEFILE_SOURCE -D_FILE_OFFSET_BITS=64
CC               = $(SPECLANG)gcc -std=c99   -m64
CC_VERSION_OPTION = -v
CXX              = $(SPECLANG)g++     -std=c++03 -m64
CXX_VERSION_OPTION = -v
EXTRA_COPTIMIZE  = -fno-strict-aliasing -fgnu89-inline
EXTRA_PORTABILITY = -DSPEC_LP64
FC               = $(SPECLANG)gfortran           -m64
FC_VERSION_OPTION = -v
OPTIMIZE         = -g -O3 -march=native -fno-unsafe-math-optimizations  -fno-tree-loop-vectorize
OS               = unix
PORTABILITY      = -DSPEC_LINUX_X64
SPECLANG         = /usr/bin/
absolutely_no_locking = 0
abstol           = 
action           = validate
allow_label_override = 0
backup_config    = 1
baseexe          = perlbench_r
basepeak         = 0
benchdir         = benchspec
benchmark        = 500.perlbench_r
binary           = 
bindir           = exe
builddir         = build
bundleaction     = 
bundlename       = 
calctol          = no
changedhash      = 0
check_version    = 0
clean_between_builds = no
command_add_redirect = 1
commanderrfile   = speccmds.err
commandexe       = perlbench_r_base.mytest-m64
commandfile      = speccmds.cmd
commandoutfile   = speccmds.out
commandstdoutfile = speccmds.stdout
comparedir       = compare
compareerrfile   = compare.err
comparefile      = compare.cmd
compareoutfile   = compare.out
comparestdoutfile = compare.stdout
compile_error    = 0
compwhite        = 
configdir        = config
configfile       = gcc
configpath       = /home/iiitd/Desktop/hw11/config/gcc.cfg
copies           = 1
current_range    = 
datadir          = data
default_size     = ref
default_submit   = $command
delay            = 0
deletebinaries   = 0
deletework       = 0
dependent_workloads = 0
device           = 
difflines        = 10
dirprot          = 511
discard_power_samples = 0
enable_monitor   = 1
endian           = 12345678
env_vars         = 0
expand_notes     = 0
expid            = 
exthash_bits     = 256
failflags        = 0
fake             = 0
feedback         = 1
flag_url_base    = https://www.spec.org/auto/cpu2017/Docs/benchmarks/flags/
floatcompare     = yes
force_monitor    = 0
from_runcpu      = 2
fw_bios          = 
hostname         = iiit-d
http_proxy       = 
http_timeout     = 30
hw_avail         = 
hw_cpu_max_mhz   = 
hw_cpu_name      = Intel Core i5-7500
hw_cpu_nominal_mhz = 
hw_disk          = 341 GB  add more disk info here
hw_memory001     = 7.677 GB fixme: If using DDR4, the format is:
hw_memory002     = 'N GB (N x N GB nRxn PC4-nnnnX-X)'
hw_model         = 
hw_nchips        = 1
hw_ncores        = 
hw_ncpuorder     = 
hw_nthreadspercore = 
hw_ocache        = 
hw_other         = 
hw_pcache        = 
hw_scache        = 
hw_tcache        = 
hw_vendor        = My Corporation
idle_current_range = 
idledelay        = 10
idleduration     = 60
ignore_errors    = 1
ignore_sigint    = 0
ignorecase       = 
info_wrap_columns = 50
inputdir         = input
inputgenerrfile  = inputgen.err
inputgenfile     = inputgen.cmd
inputgenoutfile  = inputgen.out
inputgenstdoutfile = inputgen.stdout
iteration        = -1
iterations       = 1
keeptmp          = 0
label            = mytest-m64
license_num      = nnn (Your SPEC license number)
line_width       = 1020
link_input_files = 1
locking          = 1
log              = CPU2017
log_line_width   = 1020
log_timestamp    = 0
logfile          = /home/iiitd/Desktop/hw11/tmp/CPU2017.001/templogs/preenv.intrate.001.0
logname          = /home/iiitd/Desktop/hw11/tmp/CPU2017.001/templogs/preenv.intrate.001.0
lognum           = 001.0
mail_reports     = all
mailcompress     = 0
mailmethod       = smtp
mailport         = 25
mailserver       = 127.0.0.1
mailto           = 
make             = specmake
make_no_clobber  = 0
makefile_template = Makefile.YYYtArGeTYYYspec
makeflags        = --jobs=8
max_average_uncertainty = 1
max_hum_limit    = 0
max_report_runs  = 3
max_unknown_uncertainty = 1
mean_anyway      = 1
meter_connect_timeout = 30
meter_errors_default = 5
meter_errors_percentage = 5
min_report_runs  = 2
min_temp_limit   = 20
minimize_builddirs = 0
minimize_rundirs = 0
name             = perlbench_r
nansupport       = no
need_math        = yes
no_input_handler = close
no_monitor       = 
noratios         = 0
note_preenv      = 1
notes_plat_sysinfo_000 =  Sysinfo program /home/iiitd/Desktop/hw11/bin/sysinfo
notes_plat_sysinfo_005 =  Rev: r5974 of 2018-05-19 9bcde8f2999c33d61f64985e45859ea9
notes_plat_sysinfo_010 =  running on iiit-d Sat Apr  6 04:42:22 2019
notes_plat_sysinfo_015 = 
notes_plat_sysinfo_020 =  SUT (System Under Test) info as seen by some common utilities.
notes_plat_sysinfo_025 =  For more information on this section, see
notes_plat_sysinfo_030 =     https://www.spec.org/cpu2017/Docs/config.html\#sysinfo
notes_plat_sysinfo_035 = 
notes_plat_sysinfo_040 =  From /proc/cpuinfo
notes_plat_sysinfo_045 =     model name : Intel(R) Core(TM) i5-7500 CPU @ 3.40GHz
notes_plat_sysinfo_050 =        1  "physical id"s (chips)
notes_plat_sysinfo_055 =        4 "processors"
notes_plat_sysinfo_060 =     cores, siblings (Caution: counting these is hw and system dependent. The following
notes_plat_sysinfo_065 =     excerpts from /proc/cpuinfo might not be reliable.  Use with caution.)
notes_plat_sysinfo_070 =        cpu cores : 4
notes_plat_sysinfo_075 =        siblings  : 4
notes_plat_sysinfo_080 =        physical 0: cores 0 1 2 3
notes_plat_sysinfo_085 = 
notes_plat_sysinfo_090 =  From lscpu:
notes_plat_sysinfo_095 =       Architecture:        x86_64
notes_plat_sysinfo_100 =       CPU op-mode(s):      32-bit, 64-bit
notes_plat_sysinfo_105 =       Byte Order:          Little Endian
notes_plat_sysinfo_110 =       CPU(s):              4
notes_plat_sysinfo_115 =       On-line CPU(s) list: 0-3
notes_plat_sysinfo_120 =       Thread(s) per core:  1
notes_plat_sysinfo_125 =       Core(s) per socket:  4
notes_plat_sysinfo_130 =       Socket(s):           1
notes_plat_sysinfo_135 =       NUMA node(s):        1
notes_plat_sysinfo_140 =       Vendor ID:           GenuineIntel
notes_plat_sysinfo_145 =       CPU family:          6
notes_plat_sysinfo_150 =       Model:               158
notes_plat_sysinfo_155 =       Model name:          Intel(R) Core(TM) i5-7500 CPU @ 3.40GHz
notes_plat_sysinfo_160 =       Stepping:            9
notes_plat_sysinfo_165 =       CPU MHz:             3648.192
notes_plat_sysinfo_170 =       CPU max MHz:         3800.0000
notes_plat_sysinfo_175 =       CPU min MHz:         800.0000
notes_plat_sysinfo_180 =       BogoMIPS:            6816.00
notes_plat_sysinfo_185 =       Virtualization:      VT-x
notes_plat_sysinfo_190 =       L1d cache:           32K
notes_plat_sysinfo_195 =       L1i cache:           32K
notes_plat_sysinfo_200 =       L2 cache:            256K
notes_plat_sysinfo_205 =       L3 cache:            6144K
notes_plat_sysinfo_210 =       NUMA node0 CPU(s):   0-3
notes_plat_sysinfo_215 =       Flags:               fpu vme de pse tsc msr pae mce cx8 apic sep mtrr pge mca cmov
notes_plat_sysinfo_220 =       pat pse36 clflush dts acpi mmx fxsr sse sse2 ss ht tm pbe syscall nx pdpe1gb rdtscp
notes_plat_sysinfo_225 =       lm constant_tsc art arch_perfmon pebs bts rep_good nopl xtopology nonstop_tsc cpuid
notes_plat_sysinfo_230 =       aperfmperf tsc_known_freq pni pclmulqdq dtes64 monitor ds_cpl vmx smx est tm2 ssse3
notes_plat_sysinfo_235 =       sdbg fma cx16 xtpr pdcm pcid sse4_1 sse4_2 x2apic movbe popcnt tsc_deadline_timer
notes_plat_sysinfo_240 =       aes xsave avx f16c rdrand lahf_lm abm 3dnowprefetch cpuid_fault epb invpcid_single
notes_plat_sysinfo_245 =       pti ssbd ibrs ibpb stibp tpr_shadow vnmi flexpriority ept vpid fsgsbase tsc_adjust
notes_plat_sysinfo_250 =       bmi1 hle avx2 smep bmi2 erms invpcid rtm mpx rdseed adx smap clflushopt intel_pt
notes_plat_sysinfo_255 =       xsaveopt xsavec xgetbv1 xsaves dtherm ida arat pln pts hwp hwp_notify hwp_act_window
notes_plat_sysinfo_260 =       hwp_epp flush_l1d
notes_plat_sysinfo_265 = 
notes_plat_sysinfo_270 =  /proc/cpuinfo cache data
notes_plat_sysinfo_275 =     cache size : 6144 KB
notes_plat_sysinfo_280 = 
notes_plat_sysinfo_285 =  From numactl --hardware  WARNING: a numactl 'node' might or might not correspond to a
notes_plat_sysinfo_290 =  physical chip.
notes_plat_sysinfo_295 = 
notes_plat_sysinfo_300 =  From /proc/meminfo
notes_plat_sysinfo_305 =     MemTotal:        8049856 kB
notes_plat_sysinfo_310 =     HugePages_Total:     128
notes_plat_sysinfo_315 =     Hugepagesize:       2048 kB
notes_plat_sysinfo_320 = 
notes_plat_sysinfo_325 =  /usr/bin/lsb_release -d
notes_plat_sysinfo_330 =     Ubuntu 18.04.1 LTS
notes_plat_sysinfo_335 = 
notes_plat_sysinfo_340 =  From /etc/*release* /etc/*version*
notes_plat_sysinfo_345 =     debian_version: buster/sid
notes_plat_sysinfo_350 =     os-release:
notes_plat_sysinfo_355 =        NAME="Ubuntu"
notes_plat_sysinfo_360 =        VERSION="18.04.1 LTS (Bionic Beaver)"
notes_plat_sysinfo_365 =        ID=ubuntu
notes_plat_sysinfo_370 =        ID_LIKE=debian
notes_plat_sysinfo_375 =        PRETTY_NAME="Ubuntu 18.04.1 LTS"
notes_plat_sysinfo_380 =        VERSION_ID="18.04"
notes_plat_sysinfo_385 =        HOME_URL="https://www.ubuntu.com/"
notes_plat_sysinfo_390 =        SUPPORT_URL="https://help.ubuntu.com/"
notes_plat_sysinfo_395 = 
notes_plat_sysinfo_400 =  uname -a:
notes_plat_sysinfo_405 =     Linux iiit-d 4.15.0-46-generic \#49-Ubuntu SMP Wed Feb 6 09:33:07 UTC 2019 x86_64
notes_plat_sysinfo_410 =     x86_64 x86_64 GNU/Linux
notes_plat_sysinfo_415 = 
notes_plat_sysinfo_420 =  Kernel self-reported vulnerability status:
notes_plat_sysinfo_425 = 
notes_plat_sysinfo_430 =  CVE-2017-5754 (Meltdown):          Mitigation: PTI
notes_plat_sysinfo_435 =  CVE-2017-5753 (Spectre variant 1): Mitigation: __user pointer sanitization
notes_plat_sysinfo_440 =  CVE-2017-5715 (Spectre variant 2): Mitigation: Full generic retpoline, IBPB, IBRS_FW
notes_plat_sysinfo_445 = 
notes_plat_sysinfo_450 =  run-level 5 2019-04-05 19:29
notes_plat_sysinfo_455 = 
notes_plat_sysinfo_460 =  SPEC is set to: /home/iiitd/Desktop/hw11
notes_plat_sysinfo_465 =     Filesystem     Type  Size  Used Avail Use% Mounted on
notes_plat_sysinfo_470 =     /dev/sda4      ext4  341G  139G  185G  43% /
notes_plat_sysinfo_475 = 
notes_plat_sysinfo_480 =  Additional information from dmidecode follows.  WARNING: Use caution when you interpret
notes_plat_sysinfo_485 =  this section. The 'dmidecode' program reads system data which is "intended to allow
notes_plat_sysinfo_490 =  hardware to be accurately determined", but the intent may not be met, as there are
notes_plat_sysinfo_495 =  frequent changes to hardware, firmware, and the "DMTF SMBIOS" standard.
notes_plat_sysinfo_500 = 
notes_plat_sysinfo_505 =  (End of data from sysinfo program)
notes_wrap_columns = 0
notes_wrap_indent =   
num              = 500
obiwan           = 
os_exe_ext       = 
output_format    = txt,html,cfg,pdf,csv
output_root      = 
outputdir        = output
parallel_test    = 1
parallel_test_submit = 0
parallel_test_workloads = 
path             = /home/iiitd/Desktop/hw11/benchspec/CPU/500.perlbench_r
plain_train      = 1
platform         = 
power            = 0
preENV_LD_LIBRARY_PATH = %{gcc_dir}/gcc
preenv           = 0
prefix           = 
prepared_by      = iiitd  (is never output, only tags rawfile)
ranks            = 1
rawhash_bits     = 256
rebuild          = 0
reftime          = reftime
reltol           = 
reportable       = 0
resultdir        = result
review           = 0
run              = all
runcpu           = /home/iiitd/Desktop/hw11/bin/harness/runcpu --configfile gcc --size test --copies 1 --noreportable --iterations 1 --noreportable --nopower --runmode rate --tune base --size test 500.perlbench_r --nopreenv --note-preenv --logfile /home/iiitd/Desktop/hw11/tmp/CPU2017.001/templogs/preenv.intrate.001.0 --lognum 001.0 --from_runcpu 2
rundir           = run
runmode          = rate
safe_eval        = 1
save_build_files = 
section_specifier_fatal = 1
setprocgroup     = 1
setup_error      = 0
sigint           = 2
size             = test
size_class       = test
skipabstol       = 
skipobiwan       = 
skipreltol       = 
skiptol          = 
smarttune        = base
specdiff         = specdiff
specrun          = specinvoke
srcalt           = 
srcdir           = src
srcsource        = /home/iiitd/Desktop/hw11/benchspec/CPU/500.perlbench_r/src
stagger          = 10
strict_rundir_verify = 1
sw_avail         = 
sw_base_ptrsize  = 64-bit
sw_compiler001   = C/C++/Fortran: Version 7.2.1 of GCC, the
sw_compiler002   = GNU Compiler Collection
sw_file          = ext4
sw_os001         = Ubuntu 18.04.1 LTS
sw_os002         = 4.15.0-46-generic
sw_other         = 
sw_peak_ptrsize  = 64-bit
sw_state         = Run level 5 (add definition here)
sysinfo_hash_bits = 256
sysinfo_program  = specperl /home/iiitd/Desktop/hw11/bin/sysinfo
sysinfo_program_hash = sysinfo:SHA:32259ebd59f3e93740723202f27c44c82ee68e0f2e40cd2ca50cfd5519772397
table            = 1
teeout           = 0
test_date        = Apr-2019
test_sponsor     = My Corporation
tester           = My Corporation
threads          = 1
top              = /home/iiitd/Desktop/hw11
train_single_thread = 0
train_with       = train
tune             = base
uid              = 1000
unbuffer         = 1
uncertainty_exception = 5
update           = 0
update_url       = http://www.spec.org/auto/cpu2017/updates/
use_submit_for_compare = 0
use_submit_for_speed = 0
username         = iiitd
verbose          = 5
verify_binaries  = 1
version          = 0.906000
version_url      = http://www.spec.org/auto/cpu2017/current_version
voltage_range    = 
worklist         = list
OUTPUT_RMFILES   = diffmail.2.550.15.24.23.100.out perfect.b.3.out scrabbl.out splitmail.535.13.25.24.1091.1.out suns.out validate
  Compile for '500.perlbench_r' started at: 2019-04-06 04:42:22 (1554505942)
Issuing make.clean command 'specmake --output-sync --jobs=8 clean'
Start make.clean command: 2019-04-06 04:42:22 (1554505942.71356)
rm -rf *.o  diffmail.2.550.15.24.23.100.out perfect.b.3.out scrabbl.out splitmail.535.13.25.24.1091.1.out suns.out validate
find . \( -name \*.o -o -name '*.fppized.f*' -o -name '*.i' -o -name '*.mod' \) -print | xargs rm -rf
rm -rf perlbench_r
rm -rf perlbench_r.exe
rm -rf core
Stop make.clean command: 2019-04-06 04:42:22 (1554505942.8883)
Elapsed time for make.clean command: 00:00:00 (0.174736022949219)
Issuing make command 'specmake --output-sync --jobs=8 build'
Start make command: 2019-04-06 04:42:22 (1554505942.88938)
/usr/bin/gcc -std=c99   -m64 -c -o caretx.o -DSPEC -DNDEBUG -DPERL_CORE -I. -Idist/IO -Icpan/Time-HiRes -Icpan/HTML-Parser -Iext/re -Ispecrand -DDOUBLE_SLASHES_SPECIAL=0 -DSPEC_AUTO_SUPPRESS_OPENMP -D_LARGE_FILES -D_LARGEFILE_SOURCE -D_FILE_OFFSET_BITS=64  -g -O3 -march=native -fno-unsafe-math-optimizations  -fno-tree-loop-vectorize        -DSPEC_LINUX_X64    -fno-strict-aliasing -fgnu89-inline   -DSPEC_LP64  caretx.c
/usr/bin/gcc -std=c99   -m64 -c -o deb.o -DSPEC -DNDEBUG -DPERL_CORE -I. -Idist/IO -Icpan/Time-HiRes -Icpan/HTML-Parser -Iext/re -Ispecrand -DDOUBLE_SLASHES_SPECIAL=0 -DSPEC_AUTO_SUPPRESS_OPENMP -D_LARGE_FILES -D_LARGEFILE_SOURCE -D_FILE_OFFSET_BITS=64  -g -O3 -march=native -fno-unsafe-math-optimizations  -fno-tree-loop-vectorize        -DSPEC_LINUX_X64    -fno-strict-aliasing -fgnu89-inline   -DSPEC_LP64  deb.c
/usr/bin/gcc -std=c99   -m64 -c -o globals.o -DSPEC -DNDEBUG -DPERL_CORE -I. -Idist/IO -Icpan/Time-HiRes -Icpan/HTML-Parser -Iext/re -Ispecrand -DDOUBLE_SLASHES_SPECIAL=0 -DSPEC_AUTO_SUPPRESS_OPENMP -D_LARGE_FILES -D_LARGEFILE_SOURCE -D_FILE_OFFSET_BITS=64  -g -O3 -march=native -fno-unsafe-math-optimizations  -fno-tree-loop-vectorize        -DSPEC_LINUX_X64    -fno-strict-aliasing -fgnu89-inline   -DSPEC_LP64  globals.c
/usr/bin/gcc -std=c99   -m64 -c -o locale.o -DSPEC -DNDEBUG -DPERL_CORE -I. -Idist/IO -Icpan/Time-HiRes -Icpan/HTML-Parser -Iext/re -Ispecrand -DDOUBLE_SLASHES_SPECIAL=0 -DSPEC_AUTO_SUPPRESS_OPENMP -D_LARGE_FILES -D_LARGEFILE_SOURCE -D_FILE_OFFSET_BITS=64  -g -O3 -march=native -fno-unsafe-math-optimizations  -fno-tree-loop-vectorize        -DSPEC_LINUX_X64    -fno-strict-aliasing -fgnu89-inline   -DSPEC_LP64  locale.c
/usr/bin/gcc -std=c99   -m64 -c -o av.o -DSPEC -DNDEBUG -DPERL_CORE -I. -Idist/IO -Icpan/Time-HiRes -Icpan/HTML-Parser -Iext/re -Ispecrand -DDOUBLE_SLASHES_SPECIAL=0 -DSPEC_AUTO_SUPPRESS_OPENMP -D_LARGE_FILES -D_LARGEFILE_SOURCE -D_FILE_OFFSET_BITS=64  -g -O3 -march=native -fno-unsafe-math-optimizations  -fno-tree-loop-vectorize        -DSPEC_LINUX_X64    -fno-strict-aliasing -fgnu89-inline   -DSPEC_LP64  av.c
/usr/bin/gcc -std=c99   -m64 -c -o doop.o -DSPEC -DNDEBUG -DPERL_CORE -I. -Idist/IO -Icpan/Time-HiRes -Icpan/HTML-Parser -Iext/re -Ispecrand -DDOUBLE_SLASHES_SPECIAL=0 -DSPEC_AUTO_SUPPRESS_OPENMP -D_LARGE_FILES -D_LARGEFILE_SOURCE -D_FILE_OFFSET_BITS=64  -g -O3 -march=native -fno-unsafe-math-optimizations  -fno-tree-loop-vectorize        -DSPEC_LINUX_X64    -fno-strict-aliasing -fgnu89-inline   -DSPEC_LP64  doop.c
/usr/bin/gcc -std=c99   -m64 -c -o keywords.o -DSPEC -DNDEBUG -DPERL_CORE -I. -Idist/IO -Icpan/Time-HiRes -Icpan/HTML-Parser -Iext/re -Ispecrand -DDOUBLE_SLASHES_SPECIAL=0 -DSPEC_AUTO_SUPPRESS_OPENMP -D_LARGE_FILES -D_LARGEFILE_SOURCE -D_FILE_OFFSET_BITS=64  -g -O3 -march=native -fno-unsafe-math-optimizations  -fno-tree-loop-vectorize        -DSPEC_LINUX_X64    -fno-strict-aliasing -fgnu89-inline   -DSPEC_LP64  keywords.c
/usr/bin/gcc -std=c99   -m64 -c -o doio.o -DSPEC -DNDEBUG -DPERL_CORE -I. -Idist/IO -Icpan/Time-HiRes -Icpan/HTML-Parser -Iext/re -Ispecrand -DDOUBLE_SLASHES_SPECIAL=0 -DSPEC_AUTO_SUPPRESS_OPENMP -D_LARGE_FILES -D_LARGEFILE_SOURCE -D_FILE_OFFSET_BITS=64  -g -O3 -march=native -fno-unsafe-math-optimizations  -fno-tree-loop-vectorize        -DSPEC_LINUX_X64    -fno-strict-aliasing -fgnu89-inline   -DSPEC_LP64  doio.c
In file included from doio.c:27:0:
doio.c: In function ‘S_exec_failed’:
perl.h:312:33: warning: ignoring return value of ‘write’, declared with attribute warn_unused_result [-Wunused-result]
 # define PERL_UNUSED_RESULT(v) ((void)(v))
                                ~^~~~~~~~~~
doio.c:1529:9: note: in expansion of macro ‘PERL_UNUSED_RESULT’
         PERL_UNUSED_RESULT(PerlLIO_write(fd, (void*)&e, sizeof(int)));
         ^~~~~~~~~~~~~~~~~~
/usr/bin/gcc -std=c99   -m64 -c -o numeric.o -DSPEC -DNDEBUG -DPERL_CORE -I. -Idist/IO -Icpan/Time-HiRes -Icpan/HTML-Parser -Iext/re -Ispecrand -DDOUBLE_SLASHES_SPECIAL=0 -DSPEC_AUTO_SUPPRESS_OPENMP -D_LARGE_FILES -D_LARGEFILE_SOURCE -D_FILE_OFFSET_BITS=64  -g -O3 -march=native -fno-unsafe-math-optimizations  -fno-tree-loop-vectorize        -DSPEC_LINUX_X64    -fno-strict-aliasing -fgnu89-inline   -DSPEC_LP64  numeric.c
numeric.c: In function ‘Perl_my_atof2’:
numeric.c:1296:16: warning: argument 1 null where non-null expected [-Wnonnull]
             nv = Perl_strtod(fake, &endp);
In file included from perl.h:810:0,
                 from numeric.c:30:
/usr/include/stdlib.h:117:15: note: in a call to function ‘strtod’ declared here
 extern double strtod (const char *__restrict __nptr,
               ^~~~~~
/usr/bin/gcc -std=c99   -m64 -c -o dump.o -DSPEC -DNDEBUG -DPERL_CORE -I. -Idist/IO -Icpan/Time-HiRes -Icpan/HTML-Parser -Iext/re -Ispecrand -DDOUBLE_SLASHES_SPECIAL=0 -DSPEC_AUTO_SUPPRESS_OPENMP -D_LARGE_FILES -D_LARGEFILE_SOURCE -D_FILE_OFFSET_BITS=64  -g -O3 -march=native -fno-unsafe-math-optimizations  -fno-tree-loop-vectorize        -DSPEC_LINUX_X64    -fno-strict-aliasing -fgnu89-inline   -DSPEC_LP64  dump.c
/usr/bin/gcc -std=c99   -m64 -c -o perlapi.o -DSPEC -DNDEBUG -DPERL_CORE -I. -Idist/IO -Icpan/Time-HiRes -Icpan/HTML-Parser -Iext/re -Ispecrand -DDOUBLE_SLASHES_SPECIAL=0 -DSPEC_AUTO_SUPPRESS_OPENMP -D_LARGE_FILES -D_LARGEFILE_SOURCE -D_FILE_OFFSET_BITS=64  -g -O3 -march=native -fno-unsafe-math-optimizations  -fno-tree-loop-vectorize        -DSPEC_LINUX_X64    -fno-strict-aliasing -fgnu89-inline   -DSPEC_LP64  perlapi.c
/usr/bin/gcc -std=c99   -m64 -c -o mg.o -DSPEC -DNDEBUG -DPERL_CORE -I. -Idist/IO -Icpan/Time-HiRes -Icpan/HTML-Parser -Iext/re -Ispecrand -DDOUBLE_SLASHES_SPECIAL=0 -DSPEC_AUTO_SUPPRESS_OPENMP -D_LARGE_FILES -D_LARGEFILE_SOURCE -D_FILE_OFFSET_BITS=64  -g -O3 -march=native -fno-unsafe-math-optimizations  -fno-tree-loop-vectorize        -DSPEC_LINUX_X64    -fno-strict-aliasing -fgnu89-inline   -DSPEC_LP64  mg.c
In file included from mg.c:43:0:
mg.c: In function ‘Perl_magic_set’:
perl.h:312:33: warning: ignoring return value of ‘setuid’, declared with attribute warn_unused_result [-Wunused-result]
 # define PERL_UNUSED_RESULT(v) ((void)(v))
                                ~^~~~~~~~~~
mg.c:2953:13: note: in expansion of macro ‘PERL_UNUSED_RESULT’
             PERL_UNUSED_RESULT(PerlProc_setuid(new_uid));
             ^~~~~~~~~~~~~~~~~~
perl.h:312:33: warning: ignoring return value of ‘setuid’, declared with attribute warn_unused_result [-Wunused-result]
 # define PERL_UNUSED_RESULT(v) ((void)(v))
                                ~^~~~~~~~~~
mg.c:2981:6: note: in expansion of macro ‘PERL_UNUSED_RESULT’
      PERL_UNUSED_RESULT(PerlProc_setuid(new_euid));
      ^~~~~~~~~~~~~~~~~~
perl.h:312:33: warning: ignoring return value of ‘setgid’, declared with attribute warn_unused_result [-Wunused-result]
 # define PERL_UNUSED_RESULT(v) ((void)(v))
                                ~^~~~~~~~~~
mg.c:3009:6: note: in expansion of macro ‘PERL_UNUSED_RESULT’
      PERL_UNUSED_RESULT(PerlProc_setgid(new_gid));
      ^~~~~~~~~~~~~~~~~~
perl.h:312:33: warning: ignoring return value of ‘setgid’, declared with attribute warn_unused_result [-Wunused-result]
 # define PERL_UNUSED_RESULT(v) ((void)(v))
                                ~^~~~~~~~~~
mg.c:3092:6: note: in expansion of macro ‘PERL_UNUSED_RESULT’
      PERL_UNUSED_RESULT(PerlProc_setgid(new_egid));
      ^~~~~~~~~~~~~~~~~~
/usr/bin/gcc -std=c99   -m64 -c -o perlmain.o -DSPEC -DNDEBUG -DPERL_CORE -I. -Idist/IO -Icpan/Time-HiRes -Icpan/HTML-Parser -Iext/re -Ispecrand -DDOUBLE_SLASHES_SPECIAL=0 -DSPEC_AUTO_SUPPRESS_OPENMP -D_LARGE_FILES -D_LARGEFILE_SOURCE -D_FILE_OFFSET_BITS=64  -g -O3 -march=native -fno-unsafe-math-optimizations  -fno-tree-loop-vectorize        -DSPEC_LINUX_X64    -fno-strict-aliasing -fgnu89-inline   -DSPEC_LP64  perlmain.c
/usr/bin/gcc -std=c99   -m64 -c -o gv.o -DSPEC -DNDEBUG -DPERL_CORE -I. -Idist/IO -Icpan/Time-HiRes -Icpan/HTML-Parser -Iext/re -Ispecrand -DDOUBLE_SLASHES_SPECIAL=0 -DSPEC_AUTO_SUPPRESS_OPENMP -D_LARGE_FILES -D_LARGEFILE_SOURCE -D_FILE_OFFSET_BITS=64  -g -O3 -march=native -fno-unsafe-math-optimizations  -fno-tree-loop-vectorize        -DSPEC_LINUX_X64    -fno-strict-aliasing -fgnu89-inline   -DSPEC_LP64  gv.c
/usr/bin/gcc -std=c99   -m64 -c -o perl.o -DSPEC -DNDEBUG -DPERL_CORE -I. -Idist/IO -Icpan/Time-HiRes -Icpan/HTML-Parser -Iext/re -Ispecrand -DDOUBLE_SLASHES_SPECIAL=0 -DSPEC_AUTO_SUPPRESS_OPENMP -D_LARGE_FILES -D_LARGEFILE_SOURCE -D_FILE_OFFSET_BITS=64  -g -O3 -march=native -fno-unsafe-math-optimizations  -fno-tree-loop-vectorize        -DSPEC_LINUX_X64    -fno-strict-aliasing -fgnu89-inline   -DSPEC_LP64  perl.c
/usr/bin/gcc -std=c99   -m64 -c -o pad.o -DSPEC -DNDEBUG -DPERL_CORE -I. -Idist/IO -Icpan/Time-HiRes -Icpan/HTML-Parser -Iext/re -Ispecrand -DDOUBLE_SLASHES_SPECIAL=0 -DSPEC_AUTO_SUPPRESS_OPENMP -D_LARGE_FILES -D_LARGEFILE_SOURCE -D_FILE_OFFSET_BITS=64  -g -O3 -march=native -fno-unsafe-math-optimizations  -fno-tree-loop-vectorize        -DSPEC_LINUX_X64    -fno-strict-aliasing -fgnu89-inline   -DSPEC_LP64  pad.c
/usr/bin/gcc -std=c99   -m64 -c -o hv.o -DSPEC -DNDEBUG -DPERL_CORE -I. -Idist/IO -Icpan/Time-HiRes -Icpan/HTML-Parser -Iext/re -Ispecrand -DDOUBLE_SLASHES_SPECIAL=0 -DSPEC_AUTO_SUPPRESS_OPENMP -D_LARGE_FILES -D_LARGEFILE_SOURCE -D_FILE_OFFSET_BITS=64  -g -O3 -march=native -fno-unsafe-math-optimizations  -fno-tree-loop-vectorize        -DSPEC_LINUX_X64    -fno-strict-aliasing -fgnu89-inline   -DSPEC_LP64  hv.c
/usr/bin/gcc -std=c99   -m64 -c -o perly.o -DSPEC -DNDEBUG -DPERL_CORE -I. -Idist/IO -Icpan/Time-HiRes -Icpan/HTML-Parser -Iext/re -Ispecrand -DDOUBLE_SLASHES_SPECIAL=0 -DSPEC_AUTO_SUPPRESS_OPENMP -D_LARGE_FILES -D_LARGEFILE_SOURCE -D_FILE_OFFSET_BITS=64  -g -O3 -march=native -fno-unsafe-math-optimizations  -fno-tree-loop-vectorize        -DSPEC_LINUX_X64    -fno-strict-aliasing -fgnu89-inline   -DSPEC_LP64  perly.c
/usr/bin/gcc -std=c99   -m64 -c -o pp_sort.o -DSPEC -DNDEBUG -DPERL_CORE -I. -Idist/IO -Icpan/Time-HiRes -Icpan/HTML-Parser -Iext/re -Ispecrand -DDOUBLE_SLASHES_SPECIAL=0 -DSPEC_AUTO_SUPPRESS_OPENMP -D_LARGE_FILES -D_LARGEFILE_SOURCE -D_FILE_OFFSET_BITS=64  -g -O3 -march=native -fno-unsafe-math-optimizations  -fno-tree-loop-vectorize        -DSPEC_LINUX_X64    -fno-strict-aliasing -fgnu89-inline   -DSPEC_LP64  pp_sort.c
/usr/bin/gcc -std=c99   -m64 -c -o perlio.o -DSPEC -DNDEBUG -DPERL_CORE -I. -Idist/IO -Icpan/Time-HiRes -Icpan/HTML-Parser -Iext/re -Ispecrand -DDOUBLE_SLASHES_SPECIAL=0 -DSPEC_AUTO_SUPPRESS_OPENMP -D_LARGE_FILES -D_LARGEFILE_SOURCE -D_FILE_OFFSET_BITS=64  -g -O3 -march=native -fno-unsafe-math-optimizations  -fno-tree-loop-vectorize        -DSPEC_LINUX_X64    -fno-strict-aliasing -fgnu89-inline   -DSPEC_LP64  perlio.c
/usr/bin/gcc -std=c99   -m64 -c -o pp_hot.o -DSPEC -DNDEBUG -DPERL_CORE -I. -Idist/IO -Icpan/Time-HiRes -Icpan/HTML-Parser -Iext/re -Ispecrand -DDOUBLE_SLASHES_SPECIAL=0 -DSPEC_AUTO_SUPPRESS_OPENMP -D_LARGE_FILES -D_LARGEFILE_SOURCE -D_FILE_OFFSET_BITS=64  -g -O3 -march=native -fno-unsafe-math-optimizations  -fno-tree-loop-vectorize        -DSPEC_LINUX_X64    -fno-strict-aliasing -fgnu89-inline   -DSPEC_LP64  pp_hot.c
In file included from pp_hot.c:36:0:
pp_hot.c: In function ‘Perl_pp_aassign’:
perl.h:312:33: warning: ignoring return value of ‘setuid’, declared with attribute warn_unused_result [-Wunused-result]
 # define PERL_UNUSED_RESULT(v) ((void)(v))
                                ~^~~~~~~~~~
pp_hot.c:1259:3: note: in expansion of macro ‘PERL_UNUSED_RESULT’
   PERL_UNUSED_RESULT(PerlProc_setuid(PL_delaymagic_uid));
   ^~~~~~~~~~~~~~~~~~
perl.h:312:33: warning: ignoring return value of ‘setgid’, declared with attribute warn_unused_result [-Wunused-result]
 # define PERL_UNUSED_RESULT(v) ((void)(v))
                                ~^~~~~~~~~~
pp_hot.c:1295:3: note: in expansion of macro ‘PERL_UNUSED_RESULT’
   PERL_UNUSED_RESULT(PerlProc_setgid(PL_delaymagic_gid));
   ^~~~~~~~~~~~~~~~~~
/usr/bin/gcc -std=c99   -m64 -c -o run.o -DSPEC -DNDEBUG -DPERL_CORE -I. -Idist/IO -Icpan/Time-HiRes -Icpan/HTML-Parser -Iext/re -Ispecrand -DDOUBLE_SLASHES_SPECIAL=0 -DSPEC_AUTO_SUPPRESS_OPENMP -D_LARGE_FILES -D_LARGEFILE_SOURCE -D_FILE_OFFSET_BITS=64  -g -O3 -march=native -fno-unsafe-math-optimizations  -fno-tree-loop-vectorize        -DSPEC_LINUX_X64    -fno-strict-aliasing -fgnu89-inline   -DSPEC_LP64  run.c
/usr/bin/gcc -std=c99   -m64 -c -o pp_sys.o -DSPEC -DNDEBUG -DPERL_CORE -I. -Idist/IO -Icpan/Time-HiRes -Icpan/HTML-Parser -Iext/re -Ispecrand -DDOUBLE_SLASHES_SPECIAL=0 -DSPEC_AUTO_SUPPRESS_OPENMP -D_LARGE_FILES -D_LARGEFILE_SOURCE -D_FILE_OFFSET_BITS=64  -g -O3 -march=native -fno-unsafe-math-optimizations  -fno-tree-loop-vectorize        -DSPEC_LINUX_X64    -fno-strict-aliasing -fgnu89-inline   -DSPEC_LP64  pp_sys.c
/usr/bin/gcc -std=c99   -m64 -c -o scope.o -DSPEC -DNDEBUG -DPERL_CORE -I. -Idist/IO -Icpan/Time-HiRes -Icpan/HTML-Parser -Iext/re -Ispecrand -DDOUBLE_SLASHES_SPECIAL=0 -DSPEC_AUTO_SUPPRESS_OPENMP -D_LARGE_FILES -D_LARGEFILE_SOURCE -D_FILE_OFFSET_BITS=64  -g -O3 -march=native -fno-unsafe-math-optimizations  -fno-tree-loop-vectorize        -DSPEC_LINUX_X64    -fno-strict-aliasing -fgnu89-inline   -DSPEC_LP64  scope.c
/usr/bin/gcc -std=c99   -m64 -c -o taint.o -DSPEC -DNDEBUG -DPERL_CORE -I. -Idist/IO -Icpan/Time-HiRes -Icpan/HTML-Parser -Iext/re -Ispecrand -DDOUBLE_SLASHES_SPECIAL=0 -DSPEC_AUTO_SUPPRESS_OPENMP -D_LARGE_FILES -D_LARGEFILE_SOURCE -D_FILE_OFFSET_BITS=64  -g -O3 -march=native -fno-unsafe-math-optimizations  -fno-tree-loop-vectorize        -DSPEC_LINUX_X64    -fno-strict-aliasing -fgnu89-inline   -DSPEC_LP64  taint.c
/usr/bin/gcc -std=c99   -m64 -c -o pp_ctl.o -DSPEC -DNDEBUG -DPERL_CORE -I. -Idist/IO -Icpan/Time-HiRes -Icpan/HTML-Parser -Iext/re -Ispecrand -DDOUBLE_SLASHES_SPECIAL=0 -DSPEC_AUTO_SUPPRESS_OPENMP -D_LARGE_FILES -D_LARGEFILE_SOURCE -D_FILE_OFFSET_BITS=64  -g -O3 -march=native -fno-unsafe-math-optimizations  -fno-tree-loop-vectorize        -DSPEC_LINUX_X64    -fno-strict-aliasing -fgnu89-inline   -DSPEC_LP64  pp_ctl.c
/usr/bin/gcc -std=c99   -m64 -c -o pp.o -DSPEC -DNDEBUG -DPERL_CORE -I. -Idist/IO -Icpan/Time-HiRes -Icpan/HTML-Parser -Iext/re -Ispecrand -DDOUBLE_SLASHES_SPECIAL=0 -DSPEC_AUTO_SUPPRESS_OPENMP -D_LARGE_FILES -D_LARGEFILE_SOURCE -D_FILE_OFFSET_BITS=64  -g -O3 -march=native -fno-unsafe-math-optimizations  -fno-tree-loop-vectorize        -DSPEC_LINUX_X64    -fno-strict-aliasing -fgnu89-inline   -DSPEC_LP64  pp.c
/usr/bin/gcc -std=c99   -m64 -c -o op.o -DSPEC -DNDEBUG -DPERL_CORE -I. -Idist/IO -Icpan/Time-HiRes -Icpan/HTML-Parser -Iext/re -Ispecrand -DDOUBLE_SLASHES_SPECIAL=0 -DSPEC_AUTO_SUPPRESS_OPENMP -D_LARGE_FILES -D_LARGEFILE_SOURCE -D_FILE_OFFSET_BITS=64  -g -O3 -march=native -fno-unsafe-math-optimizations  -fno-tree-loop-vectorize        -DSPEC_LINUX_X64    -fno-strict-aliasing -fgnu89-inline   -DSPEC_LP64  op.c
/usr/bin/gcc -std=c99   -m64 -c -o universal.o -DSPEC -DNDEBUG -DPERL_CORE -I. -Idist/IO -Icpan/Time-HiRes -Icpan/HTML-Parser -Iext/re -Ispecrand -DDOUBLE_SLASHES_SPECIAL=0 -DSPEC_AUTO_SUPPRESS_OPENMP -D_LARGE_FILES -D_LARGEFILE_SOURCE -D_FILE_OFFSET_BITS=64  -g -O3 -march=native -fno-unsafe-math-optimizations  -fno-tree-loop-vectorize        -DSPEC_LINUX_X64    -fno-strict-aliasing -fgnu89-inline   -DSPEC_LP64  universal.c
/usr/bin/gcc -std=c99   -m64 -c -o reentr.o -DSPEC -DNDEBUG -DPERL_CORE -I. -Idist/IO -Icpan/Time-HiRes -Icpan/HTML-Parser -Iext/re -Ispecrand -DDOUBLE_SLASHES_SPECIAL=0 -DSPEC_AUTO_SUPPRESS_OPENMP -D_LARGE_FILES -D_LARGEFILE_SOURCE -D_FILE_OFFSET_BITS=64  -g -O3 -march=native -fno-unsafe-math-optimizations  -fno-tree-loop-vectorize        -DSPEC_LINUX_X64    -fno-strict-aliasing -fgnu89-inline   -DSPEC_LP64  reentr.c
/usr/bin/gcc -std=c99   -m64 -c -o pp_pack.o -DSPEC -DNDEBUG -DPERL_CORE -I. -Idist/IO -Icpan/Time-HiRes -Icpan/HTML-Parser -Iext/re -Ispecrand -DDOUBLE_SLASHES_SPECIAL=0 -DSPEC_AUTO_SUPPRESS_OPENMP -D_LARGE_FILES -D_LARGEFILE_SOURCE -D_FILE_OFFSET_BITS=64  -g -O3 -march=native -fno-unsafe-math-optimizations  -fno-tree-loop-vectorize        -DSPEC_LINUX_X64    -fno-strict-aliasing -fgnu89-inline   -DSPEC_LP64  pp_pack.c
/usr/bin/gcc -std=c99   -m64 -c -o mro_core.o -DSPEC -DNDEBUG -DPERL_CORE -I. -Idist/IO -Icpan/Time-HiRes -Icpan/HTML-Parser -Iext/re -Ispecrand -DDOUBLE_SLASHES_SPECIAL=0 -DSPEC_AUTO_SUPPRESS_OPENMP -D_LARGE_FILES -D_LARGEFILE_SOURCE -D_FILE_OFFSET_BITS=64  -g -O3 -march=native -fno-unsafe-math-optimizations  -fno-tree-loop-vectorize        -DSPEC_LINUX_X64    -fno-strict-aliasing -fgnu89-inline   -DSPEC_LP64  mro_core.c
/usr/bin/gcc -std=c99   -m64 -c -o specrand/specrand.o -DSPEC -DNDEBUG -DPERL_CORE -I. -Idist/IO -Icpan/Time-HiRes -Icpan/HTML-Parser -Iext/re -Ispecrand -DDOUBLE_SLASHES_SPECIAL=0 -DSPEC_AUTO_SUPPRESS_OPENMP -D_LARGE_FILES -D_LARGEFILE_SOURCE -D_FILE_OFFSET_BITS=64  -g -O3 -march=native -fno-unsafe-math-optimizations  -fno-tree-loop-vectorize        -DSPEC_LINUX_X64    -fno-strict-aliasing -fgnu89-inline   -DSPEC_LP64  specrand/specrand.c
/usr/bin/gcc -std=c99   -m64 -c -o utf8.o -DSPEC -DNDEBUG -DPERL_CORE -I. -Idist/IO -Icpan/Time-HiRes -Icpan/HTML-Parser -Iext/re -Ispecrand -DDOUBLE_SLASHES_SPECIAL=0 -DSPEC_AUTO_SUPPRESS_OPENMP -D_LARGE_FILES -D_LARGEFILE_SOURCE -D_FILE_OFFSET_BITS=64  -g -O3 -march=native -fno-unsafe-math-optimizations  -fno-tree-loop-vectorize        -DSPEC_LINUX_X64    -fno-strict-aliasing -fgnu89-inline   -DSPEC_LP64  utf8.c
/usr/bin/gcc -std=c99   -m64 -c -o mathoms.o -DSPEC -DNDEBUG -DPERL_CORE -I. -Idist/IO -Icpan/Time-HiRes -Icpan/HTML-Parser -Iext/re -Ispecrand -DDOUBLE_SLASHES_SPECIAL=0 -DSPEC_AUTO_SUPPRESS_OPENMP -D_LARGE_FILES -D_LARGEFILE_SOURCE -D_FILE_OFFSET_BITS=64  -g -O3 -march=native -fno-unsafe-math-optimizations  -fno-tree-loop-vectorize        -DSPEC_LINUX_X64    -fno-strict-aliasing -fgnu89-inline   -DSPEC_LP64  mathoms.c
/usr/bin/gcc -std=c99   -m64 -c -o dist/PathTools/Cwd.o -DSPEC -DNDEBUG -DPERL_CORE -I. -Idist/IO -Icpan/Time-HiRes -Icpan/HTML-Parser -Iext/re -Ispecrand -DDOUBLE_SLASHES_SPECIAL=0 -DSPEC_AUTO_SUPPRESS_OPENMP -D_LARGE_FILES -D_LARGEFILE_SOURCE -D_FILE_OFFSET_BITS=64  -g -O3 -march=native -fno-unsafe-math-optimizations  -fno-tree-loop-vectorize        -DSPEC_LINUX_X64    -fno-strict-aliasing -fgnu89-inline   -DSPEC_LP64  dist/PathTools/Cwd.c
/usr/bin/gcc -std=c99   -m64 -c -o ext/Devel-Peek/Peek.o -DSPEC -DNDEBUG -DPERL_CORE -I. -Idist/IO -Icpan/Time-HiRes -Icpan/HTML-Parser -Iext/re -Ispecrand -DDOUBLE_SLASHES_SPECIAL=0 -DSPEC_AUTO_SUPPRESS_OPENMP -D_LARGE_FILES -D_LARGEFILE_SOURCE -D_FILE_OFFSET_BITS=64  -g -O3 -march=native -fno-unsafe-math-optimizations  -fno-tree-loop-vectorize        -DSPEC_LINUX_X64    -fno-strict-aliasing -fgnu89-inline   -DSPEC_LP64  ext/Devel-Peek/Peek.c
/usr/bin/gcc -std=c99   -m64 -c -o util.o -DSPEC -DNDEBUG -DPERL_CORE -I. -Idist/IO -Icpan/Time-HiRes -Icpan/HTML-Parser -Iext/re -Ispecrand -DDOUBLE_SLASHES_SPECIAL=0 -DSPEC_AUTO_SUPPRESS_OPENMP -D_LARGE_FILES -D_LARGEFILE_SOURCE -D_FILE_OFFSET_BITS=64  -g -O3 -march=native -fno-unsafe-math-optimizations  -fno-tree-loop-vectorize        -DSPEC_LINUX_X64    -fno-strict-aliasing -fgnu89-inline   -DSPEC_LP64  util.c
In file included from util.c:30:0:
util.c: In function ‘Perl_croak_no_mem’:
perl.h:312:33: warning: ignoring return value of ‘write’, declared with attribute warn_unused_result [-Wunused-result]
 # define PERL_UNUSED_RESULT(v) ((void)(v))
                                ~^~~~~~~~~~
util.c:1787:9: note: in expansion of macro ‘PERL_UNUSED_RESULT’
         PERL_UNUSED_RESULT(PerlLIO_write(fd, PL_no_mem, sizeof(PL_no_mem)-1));
         ^~~~~~~~~~~~~~~~~~
/usr/bin/gcc -std=c99   -m64 -c -o cpan/Digest-MD5/MD5.o -DSPEC -DNDEBUG -DPERL_CORE -I. -Idist/IO -Icpan/Time-HiRes -Icpan/HTML-Parser -Iext/re -Ispecrand -DDOUBLE_SLASHES_SPECIAL=0 -DSPEC_AUTO_SUPPRESS_OPENMP -D_LARGE_FILES -D_LARGEFILE_SOURCE -D_FILE_OFFSET_BITS=64  -g -O3 -march=native -fno-unsafe-math-optimizations  -fno-tree-loop-vectorize        -DSPEC_LINUX_X64    -fno-strict-aliasing -fgnu89-inline   -DSPEC_LP64  cpan/Digest-MD5/MD5.c
/usr/bin/gcc -std=c99   -m64 -c -o DynaLoader.o -DSPEC -DNDEBUG -DPERL_CORE -I. -Idist/IO -Icpan/Time-HiRes -Icpan/HTML-Parser -Iext/re -Ispecrand -DDOUBLE_SLASHES_SPECIAL=0 -DSPEC_AUTO_SUPPRESS_OPENMP -D_LARGE_FILES -D_LARGEFILE_SOURCE -D_FILE_OFFSET_BITS=64  -g -O3 -march=native -fno-unsafe-math-optimizations  -fno-tree-loop-vectorize        -DSPEC_LINUX_X64    -fno-strict-aliasing -fgnu89-inline   -DSPEC_LP64  DynaLoader.c
/usr/bin/gcc -std=c99   -m64 -c -o dist/Data-Dumper/Dumper.o -DSPEC -DNDEBUG -DPERL_CORE -I. -Idist/IO -Icpan/Time-HiRes -Icpan/HTML-Parser -Iext/re -Ispecrand -DDOUBLE_SLASHES_SPECIAL=0 -DSPEC_AUTO_SUPPRESS_OPENMP -D_LARGE_FILES -D_LARGEFILE_SOURCE -D_FILE_OFFSET_BITS=64  -g -O3 -march=native -fno-unsafe-math-optimizations  -fno-tree-loop-vectorize        -DSPEC_LINUX_X64    -fno-strict-aliasing -fgnu89-inline   -DSPEC_LP64  dist/Data-Dumper/Dumper.c
/usr/bin/gcc -std=c99   -m64 -c -o dist/IO/poll.o -DSPEC -DNDEBUG -DPERL_CORE -I. -Idist/IO -Icpan/Time-HiRes -Icpan/HTML-Parser -Iext/re -Ispecrand -DDOUBLE_SLASHES_SPECIAL=0 -DSPEC_AUTO_SUPPRESS_OPENMP -D_LARGE_FILES -D_LARGEFILE_SOURCE -D_FILE_OFFSET_BITS=64  -g -O3 -march=native -fno-unsafe-math-optimizations  -fno-tree-loop-vectorize        -DSPEC_LINUX_X64    -fno-strict-aliasing -fgnu89-inline   -DSPEC_LP64  dist/IO/poll.c
/usr/bin/gcc -std=c99   -m64 -c -o dist/IO/IO.o -DSPEC -DNDEBUG -DPERL_CORE -I. -Idist/IO -Icpan/Time-HiRes -Icpan/HTML-Parser -Iext/re -Ispecrand -DDOUBLE_SLASHES_SPECIAL=0 -DSPEC_AUTO_SUPPRESS_OPENMP -D_LARGE_FILES -D_LARGEFILE_SOURCE -D_FILE_OFFSET_BITS=64  -g -O3 -march=native -fno-unsafe-math-optimizations  -fno-tree-loop-vectorize        -DSPEC_LINUX_X64    -fno-strict-aliasing -fgnu89-inline   -DSPEC_LP64  dist/IO/IO.c
/usr/bin/gcc -std=c99   -m64 -c -o sv.o -DSPEC -DNDEBUG -DPERL_CORE -I. -Idist/IO -Icpan/Time-HiRes -Icpan/HTML-Parser -Iext/re -Ispecrand -DDOUBLE_SLASHES_SPECIAL=0 -DSPEC_AUTO_SUPPRESS_OPENMP -D_LARGE_FILES -D_LARGEFILE_SOURCE -D_FILE_OFFSET_BITS=64  -g -O3 -march=native -fno-unsafe-math-optimizations  -fno-tree-loop-vectorize        -DSPEC_LINUX_X64    -fno-strict-aliasing -fgnu89-inline   -DSPEC_LP64  sv.c
/usr/bin/gcc -std=c99   -m64 -c -o ext/Sys-Hostname/Hostname.o -DSPEC -DNDEBUG -DPERL_CORE -I. -Idist/IO -Icpan/Time-HiRes -Icpan/HTML-Parser -Iext/re -Ispecrand -DDOUBLE_SLASHES_SPECIAL=0 -DSPEC_AUTO_SUPPRESS_OPENMP -D_LARGE_FILES -D_LARGEFILE_SOURCE -D_FILE_OFFSET_BITS=64  -g -O3 -march=native -fno-unsafe-math-optimizations  -fno-tree-loop-vectorize        -DSPEC_LINUX_X64    -fno-strict-aliasing -fgnu89-inline   -DSPEC_LP64  ext/Sys-Hostname/Hostname.c
/usr/bin/gcc -std=c99   -m64 -c -o cpan/MIME-Base64/Base64.o -DSPEC -DNDEBUG -DPERL_CORE -I. -Idist/IO -Icpan/Time-HiRes -Icpan/HTML-Parser -Iext/re -Ispecrand -DDOUBLE_SLASHES_SPECIAL=0 -DSPEC_AUTO_SUPPRESS_OPENMP -D_LARGE_FILES -D_LARGEFILE_SOURCE -D_FILE_OFFSET_BITS=64  -g -O3 -march=native -fno-unsafe-math-optimizations  -fno-tree-loop-vectorize        -DSPEC_LINUX_X64    -fno-strict-aliasing -fgnu89-inline   -DSPEC_LP64  cpan/MIME-Base64/Base64.c
/usr/bin/gcc -std=c99   -m64 -c -o ext/XS-Typemap/stdio.o -DSPEC -DNDEBUG -DPERL_CORE -I. -Idist/IO -Icpan/Time-HiRes -Icpan/HTML-Parser -Iext/re -Ispecrand -DDOUBLE_SLASHES_SPECIAL=0 -DSPEC_AUTO_SUPPRESS_OPENMP -D_LARGE_FILES -D_LARGEFILE_SOURCE -D_FILE_OFFSET_BITS=64  -g -O3 -march=native -fno-unsafe-math-optimizations  -fno-tree-loop-vectorize        -DSPEC_LINUX_X64    -fno-strict-aliasing -fgnu89-inline   -DSPEC_LP64  ext/XS-Typemap/stdio.c
/usr/bin/gcc -std=c99   -m64 -c -o Opcode.o -DSPEC -DNDEBUG -DPERL_CORE -I. -Idist/IO -Icpan/Time-HiRes -Icpan/HTML-Parser -Iext/re -Ispecrand -DDOUBLE_SLASHES_SPECIAL=0 -DSPEC_AUTO_SUPPRESS_OPENMP -D_LARGE_FILES -D_LARGEFILE_SOURCE -D_FILE_OFFSET_BITS=64  -g -O3 -march=native -fno-unsafe-math-optimizations  -fno-tree-loop-vectorize        -DSPEC_LINUX_X64    -fno-strict-aliasing -fgnu89-inline   -DSPEC_LP64  Opcode.c
/usr/bin/gcc -std=c99   -m64 -c -o cpan/Time-HiRes/HiRes.o -DSPEC -DNDEBUG -DPERL_CORE -I. -Idist/IO -Icpan/Time-HiRes -Icpan/HTML-Parser -Iext/re -Ispecrand -DDOUBLE_SLASHES_SPECIAL=0 -DSPEC_AUTO_SUPPRESS_OPENMP -D_LARGE_FILES -D_LARGEFILE_SOURCE -D_FILE_OFFSET_BITS=64  -g -O3 -march=native -fno-unsafe-math-optimizations  -fno-tree-loop-vectorize        -DSPEC_LINUX_X64    -fno-strict-aliasing -fgnu89-inline   -DSPEC_LP64  cpan/Time-HiRes/HiRes.c
/usr/bin/gcc -std=c99   -m64 -c -o ext/attributes/attributes.o -DSPEC -DNDEBUG -DPERL_CORE -I. -Idist/IO -Icpan/Time-HiRes -Icpan/HTML-Parser -Iext/re -Ispecrand -DDOUBLE_SLASHES_SPECIAL=0 -DSPEC_AUTO_SUPPRESS_OPENMP -D_LARGE_FILES -D_LARGEFILE_SOURCE -D_FILE_OFFSET_BITS=64  -g -O3 -march=native -fno-unsafe-math-optimizations  -fno-tree-loop-vectorize        -DSPEC_LINUX_X64    -fno-strict-aliasing -fgnu89-inline   -DSPEC_LP64  ext/attributes/attributes.c
/usr/bin/gcc -std=c99   -m64 -c -o ext/re/re.o -DSPEC -DNDEBUG -DPERL_CORE -I. -Idist/IO -Icpan/Time-HiRes -Icpan/HTML-Parser -Iext/re -Ispecrand -DDOUBLE_SLASHES_SPECIAL=0 -DSPEC_AUTO_SUPPRESS_OPENMP -D_LARGE_FILES -D_LARGEFILE_SOURCE -D_FILE_OFFSET_BITS=64  -g -O3 -march=native -fno-unsafe-math-optimizations  -fno-tree-loop-vectorize        -DSPEC_LINUX_X64    -fno-strict-aliasing -fgnu89-inline   -DSPEC_LP64  ext/re/re.c
/usr/bin/gcc -std=c99   -m64 -c -o regexec.o -DSPEC -DNDEBUG -DPERL_CORE -I. -Idist/IO -Icpan/Time-HiRes -Icpan/HTML-Parser -Iext/re -Ispecrand -DDOUBLE_SLASHES_SPECIAL=0 -DSPEC_AUTO_SUPPRESS_OPENMP -D_LARGE_FILES -D_LARGEFILE_SOURCE -D_FILE_OFFSET_BITS=64  -g -O3 -march=native -fno-unsafe-math-optimizations  -fno-tree-loop-vectorize        -DSPEC_LINUX_X64    -fno-strict-aliasing -fgnu89-inline   -DSPEC_LP64  regexec.c
/usr/bin/gcc -std=c99   -m64 -c -o ext/mro/mro.o -DSPEC -DNDEBUG -DPERL_CORE -I. -Idist/IO -Icpan/Time-HiRes -Icpan/HTML-Parser -Iext/re -Ispecrand -DDOUBLE_SLASHES_SPECIAL=0 -DSPEC_AUTO_SUPPRESS_OPENMP -D_LARGE_FILES -D_LARGEFILE_SOURCE -D_FILE_OFFSET_BITS=64  -g -O3 -march=native -fno-unsafe-math-optimizations  -fno-tree-loop-vectorize        -DSPEC_LINUX_X64    -fno-strict-aliasing -fgnu89-inline   -DSPEC_LP64  ext/mro/mro.c
/usr/bin/gcc -std=c99   -m64 -c -o cpan/Digest-SHA/SHA.o -DSPEC -DNDEBUG -DPERL_CORE -I. -Idist/IO -Icpan/Time-HiRes -Icpan/HTML-Parser -Iext/re -Ispecrand -DDOUBLE_SLASHES_SPECIAL=0 -DSPEC_AUTO_SUPPRESS_OPENMP -D_LARGE_FILES -D_LARGEFILE_SOURCE -D_FILE_OFFSET_BITS=64  -g -O3 -march=native -fno-unsafe-math-optimizations  -fno-tree-loop-vectorize        -DSPEC_LINUX_X64    -fno-strict-aliasing -fgnu89-inline   -DSPEC_LP64  cpan/Digest-SHA/SHA.c
/usr/bin/gcc -std=c99   -m64 -c -o ext/PerlIO-scalar/scalar.o -DSPEC -DNDEBUG -DPERL_CORE -I. -Idist/IO -Icpan/Time-HiRes -Icpan/HTML-Parser -Iext/re -Ispecrand -DDOUBLE_SLASHES_SPECIAL=0 -DSPEC_AUTO_SUPPRESS_OPENMP -D_LARGE_FILES -D_LARGEFILE_SOURCE -D_FILE_OFFSET_BITS=64  -g -O3 -march=native -fno-unsafe-math-optimizations  -fno-tree-loop-vectorize        -DSPEC_LINUX_X64    -fno-strict-aliasing -fgnu89-inline   -DSPEC_LP64  ext/PerlIO-scalar/scalar.c
/usr/bin/gcc -std=c99   -m64 -c -o ext/arybase/arybase.o -DSPEC -DNDEBUG -DPERL_CORE -I. -Idist/IO -Icpan/Time-HiRes -Icpan/HTML-Parser -Iext/re -Ispecrand -DDOUBLE_SLASHES_SPECIAL=0 -DSPEC_AUTO_SUPPRESS_OPENMP -D_LARGE_FILES -D_LARGEFILE_SOURCE -D_FILE_OFFSET_BITS=64  -g -O3 -march=native -fno-unsafe-math-optimizations  -fno-tree-loop-vectorize        -DSPEC_LINUX_X64    -fno-strict-aliasing -fgnu89-inline   -DSPEC_LP64  ext/arybase/arybase.c
/usr/bin/gcc -std=c99   -m64 -c -o ext/PerlIO-via/via.o -DSPEC -DNDEBUG -DPERL_CORE -I. -Idist/IO -Icpan/Time-HiRes -Icpan/HTML-Parser -Iext/re -Ispecrand -DDOUBLE_SLASHES_SPECIAL=0 -DSPEC_AUTO_SUPPRESS_OPENMP -D_LARGE_FILES -D_LARGEFILE_SOURCE -D_FILE_OFFSET_BITS=64  -g -O3 -march=native -fno-unsafe-math-optimizations  -fno-tree-loop-vectorize        -DSPEC_LINUX_X64    -fno-strict-aliasing -fgnu89-inline   -DSPEC_LP64  ext/PerlIO-via/via.c
/usr/bin/gcc -std=c99   -m64 -c -o ext/File-Glob/bsd_glob.o -DSPEC -DNDEBUG -DPERL_CORE -I. -Idist/IO -Icpan/Time-HiRes -Icpan/HTML-Parser -Iext/re -Ispecrand -DDOUBLE_SLASHES_SPECIAL=0 -DSPEC_AUTO_SUPPRESS_OPENMP -D_LARGE_FILES -D_LARGEFILE_SOURCE -D_FILE_OFFSET_BITS=64  -g -O3 -march=native -fno-unsafe-math-optimizations  -fno-tree-loop-vectorize        -DSPEC_LINUX_X64    -fno-strict-aliasing -fgnu89-inline   -DSPEC_LP64  ext/File-Glob/bsd_glob.c
/usr/bin/gcc -std=c99   -m64 -c -o ext/File-Glob/Glob.o -DSPEC -DNDEBUG -DPERL_CORE -I. -Idist/IO -Icpan/Time-HiRes -Icpan/HTML-Parser -Iext/re -Ispecrand -DDOUBLE_SLASHES_SPECIAL=0 -DSPEC_AUTO_SUPPRESS_OPENMP -D_LARGE_FILES -D_LARGEFILE_SOURCE -D_FILE_OFFSET_BITS=64  -g -O3 -march=native -fno-unsafe-math-optimizations  -fno-tree-loop-vectorize        -DSPEC_LINUX_X64    -fno-strict-aliasing -fgnu89-inline   -DSPEC_LP64  ext/File-Glob/Glob.c
/usr/bin/gcc -std=c99   -m64 -c -o ext/Hash-Util/Util.o -DSPEC -DNDEBUG -DPERL_CORE -I. -Idist/IO -Icpan/Time-HiRes -Icpan/HTML-Parser -Iext/re -Ispecrand -DDOUBLE_SLASHES_SPECIAL=0 -DSPEC_AUTO_SUPPRESS_OPENMP -D_LARGE_FILES -D_LARGEFILE_SOURCE -D_FILE_OFFSET_BITS=64  -g -O3 -march=native -fno-unsafe-math-optimizations  -fno-tree-loop-vectorize        -DSPEC_LINUX_X64    -fno-strict-aliasing -fgnu89-inline   -DSPEC_LP64  ext/Hash-Util/Util.c
/usr/bin/gcc -std=c99   -m64 -c -o cpan/HTML-Parser/Parser.o -DSPEC -DNDEBUG -DPERL_CORE -I. -Idist/IO -Icpan/Time-HiRes -Icpan/HTML-Parser -Iext/re -Ispecrand -DDOUBLE_SLASHES_SPECIAL=0 -DSPEC_AUTO_SUPPRESS_OPENMP -D_LARGE_FILES -D_LARGEFILE_SOURCE -D_FILE_OFFSET_BITS=64  -g -O3 -march=native -fno-unsafe-math-optimizations  -fno-tree-loop-vectorize        -DSPEC_LINUX_X64    -fno-strict-aliasing -fgnu89-inline   -DSPEC_LP64  cpan/HTML-Parser/Parser.c
/usr/bin/gcc -std=c99   -m64 -c -o ext/Tie-Hash-NamedCapture/NamedCapture.o -DSPEC -DNDEBUG -DPERL_CORE -I. -Idist/IO -Icpan/Time-HiRes -Icpan/HTML-Parser -Iext/re -Ispecrand -DDOUBLE_SLASHES_SPECIAL=0 -DSPEC_AUTO_SUPPRESS_OPENMP -D_LARGE_FILES -D_LARGEFILE_SOURCE -D_FILE_OFFSET_BITS=64  -g -O3 -march=native -fno-unsafe-math-optimizations  -fno-tree-loop-vectorize        -DSPEC_LINUX_X64    -fno-strict-aliasing -fgnu89-inline   -DSPEC_LP64  ext/Tie-Hash-NamedCapture/NamedCapture.c
/usr/bin/gcc -std=c99   -m64 -c -o ext/Hash-Util-FieldHash/FieldHash.o -DSPEC -DNDEBUG -DPERL_CORE -I. -Idist/IO -Icpan/Time-HiRes -Icpan/HTML-Parser -Iext/re -Ispecrand -DDOUBLE_SLASHES_SPECIAL=0 -DSPEC_AUTO_SUPPRESS_OPENMP -D_LARGE_FILES -D_LARGEFILE_SOURCE -D_FILE_OFFSET_BITS=64  -g -O3 -march=native -fno-unsafe-math-optimizations  -fno-tree-loop-vectorize        -DSPEC_LINUX_X64    -fno-strict-aliasing -fgnu89-inline   -DSPEC_LP64  ext/Hash-Util-FieldHash/FieldHash.c
/usr/bin/gcc -std=c99   -m64 -c -o dist/Storable/Storable.o -DSPEC -DNDEBUG -DPERL_CORE -I. -Idist/IO -Icpan/Time-HiRes -Icpan/HTML-Parser -Iext/re -Ispecrand -DDOUBLE_SLASHES_SPECIAL=0 -DSPEC_AUTO_SUPPRESS_OPENMP -D_LARGE_FILES -D_LARGEFILE_SOURCE -D_FILE_OFFSET_BITS=64  -g -O3 -march=native -fno-unsafe-math-optimizations  -fno-tree-loop-vectorize        -DSPEC_LINUX_X64    -fno-strict-aliasing -fgnu89-inline   -DSPEC_LP64  dist/Storable/Storable.c
/usr/bin/gcc -std=c99   -m64 -c -o regcomp.o -DSPEC -DNDEBUG -DPERL_CORE -I. -Idist/IO -Icpan/Time-HiRes -Icpan/HTML-Parser -Iext/re -Ispecrand -DDOUBLE_SLASHES_SPECIAL=0 -DSPEC_AUTO_SUPPRESS_OPENMP -D_LARGE_FILES -D_LARGEFILE_SOURCE -D_FILE_OFFSET_BITS=64  -g -O3 -march=native -fno-unsafe-math-optimizations  -fno-tree-loop-vectorize        -DSPEC_LINUX_X64    -fno-strict-aliasing -fgnu89-inline   -DSPEC_LP64  regcomp.c
/usr/bin/gcc -std=c99   -m64 -c -o cpan/Scalar-List-Utils/ListUtil.o -DSPEC -DNDEBUG -DPERL_CORE -I. -Idist/IO -Icpan/Time-HiRes -Icpan/HTML-Parser -Iext/re -Ispecrand -DDOUBLE_SLASHES_SPECIAL=0 -DSPEC_AUTO_SUPPRESS_OPENMP -D_LARGE_FILES -D_LARGEFILE_SOURCE -D_FILE_OFFSET_BITS=64  -g -O3 -march=native -fno-unsafe-math-optimizations  -fno-tree-loop-vectorize        -DSPEC_LINUX_X64    -fno-strict-aliasing -fgnu89-inline   -DSPEC_LP64  cpan/Scalar-List-Utils/ListUtil.c
/usr/bin/gcc -std=c99   -m64 -c -o toke.o -DSPEC -DNDEBUG -DPERL_CORE -I. -Idist/IO -Icpan/Time-HiRes -Icpan/HTML-Parser -Iext/re -Ispecrand -DDOUBLE_SLASHES_SPECIAL=0 -DSPEC_AUTO_SUPPRESS_OPENMP -D_LARGE_FILES -D_LARGEFILE_SOURCE -D_FILE_OFFSET_BITS=64  -g -O3 -march=native -fno-unsafe-math-optimizations  -fno-tree-loop-vectorize        -DSPEC_LINUX_X64    -fno-strict-aliasing -fgnu89-inline   -DSPEC_LP64  toke.c
/usr/bin/gcc -std=c99   -m64 -c -o ext/re/re_exec.o -DSPEC -DNDEBUG -DPERL_CORE -I. -Idist/IO -Icpan/Time-HiRes -Icpan/HTML-Parser -Iext/re -Ispecrand -DDOUBLE_SLASHES_SPECIAL=0 -DSPEC_AUTO_SUPPRESS_OPENMP -D_LARGE_FILES -D_LARGEFILE_SOURCE -D_FILE_OFFSET_BITS=64  -g -O3 -march=native -fno-unsafe-math-optimizations  -fno-tree-loop-vectorize        -DSPEC_LINUX_X64    -fno-strict-aliasing -fgnu89-inline   -DSPEC_LP64  ext/re/re_exec.c
/usr/bin/gcc -std=c99   -m64 -c -o ext/re/re_comp.o -DSPEC -DNDEBUG -DPERL_CORE -I. -Idist/IO -Icpan/Time-HiRes -Icpan/HTML-Parser -Iext/re -Ispecrand -DDOUBLE_SLASHES_SPECIAL=0 -DSPEC_AUTO_SUPPRESS_OPENMP -D_LARGE_FILES -D_LARGEFILE_SOURCE -D_FILE_OFFSET_BITS=64  -g -O3 -march=native -fno-unsafe-math-optimizations  -fno-tree-loop-vectorize        -DSPEC_LINUX_X64    -fno-strict-aliasing -fgnu89-inline   -DSPEC_LP64  ext/re/re_comp.c
/usr/bin/gcc -std=c99   -m64      -g -O3 -march=native -fno-unsafe-math-optimizations  -fno-tree-loop-vectorize     -DSPEC_LINUX_X64    -fno-strict-aliasing -fgnu89-inline av.o caretx.o deb.o doio.o doop.o dump.o globals.o gv.o hv.o keywords.o locale.o mg.o numeric.o op.o pad.o perl.o perlapi.o perlio.o perlmain.o perly.o pp.o pp_ctl.o pp_hot.o pp_pack.o pp_sort.o pp_sys.o regcomp.o regexec.o run.o scope.o sv.o taint.o toke.o universal.o utf8.o util.o reentr.o mro_core.o mathoms.o specrand/specrand.o dist/PathTools/Cwd.o dist/Data-Dumper/Dumper.o ext/Devel-Peek/Peek.o cpan/Digest-MD5/MD5.o cpan/Digest-SHA/SHA.o DynaLoader.o dist/IO/IO.o dist/IO/poll.o cpan/MIME-Base64/Base64.o Opcode.o dist/Storable/Storable.o ext/Sys-Hostname/Hostname.o cpan/Time-HiRes/HiRes.o ext/XS-Typemap/stdio.o ext/attributes/attributes.o cpan/HTML-Parser/Parser.o ext/mro/mro.o ext/re/re.o ext/re/re_comp.o ext/re/re_exec.o ext/arybase/arybase.o ext/PerlIO-scalar/scalar.o ext/PerlIO-via/via.o ext/File-Glob/bsd_glob.o ext/File-Glob/Gl
ob.o ext/Hash-Util/Util.o ext/Hash-Util-FieldHash/FieldHash.o ext/Tie-Hash-NamedCapture/NamedCapture.o cpan/Scalar-List-Utils/ListUtil.o             -lm         -o perlbench_r  
Stop make command: 2019-04-06 04:43:06 (1554505986.50486)
Elapsed time for make command: 00:00:43 (43.6154720783234)
Issuing options command 'specmake --output-sync --jobs=8 options'
Start options command: 2019-04-06 04:43:06 (1554505986.50585)
COMP: "/usr/bin/gcc -std=c99   -m64 -c -o options.o -DSPEC -DNDEBUG -DPERL_CORE -I. -Idist/IO -Icpan/Time-HiRes -Icpan/HTML-Parser -Iext/re -Ispecrand -DDOUBLE_SLASHES_SPECIAL=0 -DSPEC_AUTO_SUPPRESS_OPENMP -D_LARGE_FILES -D_LARGEFILE_SOURCE -D_FILE_OFFSET_BITS=64  -g -O3 -march=native -fno-unsafe-math-optimizations  -fno-tree-loop-vectorize        -DSPEC_LINUX_X64    -fno-strict-aliasing -fgnu89-inline   -DSPEC_LP64  <source>"
C: CC="/usr/bin/gcc -std=c99   -m64"
C: COBJOPT="-c -o options"
P: CPUFLAGS="-DSPEC -DNDEBUG"
P: BENCH_FLAGS="-DPERL_CORE -I. -Idist/IO -Icpan/Time-HiRes -Icpan/HTML-Parser -Iext/re -Ispecrand -DDOUBLE_SLASHES_SPECIAL=0 -DSPEC_AUTO_SUPPRESS_OPENMP -D_LARGE_FILES -D_LARGEFILE_SOURCE -D_FILE_OFFSET_BITS=64"
P: BENCH_CFLAGS=""
O: OPTIMIZE="-g -O3 -march=native -fno-unsafe-math-optimizations  -fno-tree-loop-vectorize"
O: COPTIMIZE=""
P: PORTABILITY="-DSPEC_LINUX_X64"
P: CPORTABILITY=""
O: EXTRA_CFLAGS=""
O: EXTRA_OPTIMIZE=""
O: EXTRA_COPTIMIZE="-fno-strict-aliasing -fgnu89-inline"
P: EXTRA_PORTABILITY="-DSPEC_LP64"
P: EXTRA_CPORTABILITY=""
LINK: "/usr/bin/gcc -std=c99   -m64      -g -O3 -march=native -fno-unsafe-math-optimizations  -fno-tree-loop-vectorize     -DSPEC_LINUX_X64    -fno-strict-aliasing -fgnu89-inline <objects>   -lm         -o options  "
C: LD="/usr/bin/gcc -std=c99   -m64"
O: OPTIMIZE="-g -O3 -march=native -fno-unsafe-math-optimizations  -fno-tree-loop-vectorize"
P: PORTABILITY="-DSPEC_LINUX_X64"
O: EXTRA_COPTIMIZE="-fno-strict-aliasing -fgnu89-inline"
C: MATH_LIBS="-lm"
C: LDOUT="-o options"
Stop options command: 2019-04-06 04:43:06 (1554505986.6663)
Elapsed time for options command: 00:00:00 (0.160446882247925)
Issuing compiler-version command 'specmake --output-sync --jobs=8 compiler-version'
Start compiler-version command: 2019-04-06 04:43:06 (1554505986.66761)
 CC_VERSION_OPTION:
Using built-in specs.
COLLECT_GCC=/usr/bin/gcc
COLLECT_LTO_WRAPPER=/usr/lib/gcc/x86_64-linux-gnu/7/lto-wrapper
OFFLOAD_TARGET_NAMES=nvptx-none
OFFLOAD_TARGET_DEFAULT=1
Target: x86_64-linux-gnu
Configured with: ../src/configure -v --with-pkgversion='Ubuntu 7.3.0-27ubuntu1~18.04' --with-bugurl=file:///usr/share/doc/gcc-7/README.Bugs --enable-languages=c,ada,c++,go,brig,d,fortran,objc,obj-c++ --prefix=/usr --with-gcc-major-version-only --program-suffix=-7 --program-prefix=x86_64-linux-gnu- --enable-shared --enable-linker-build-id --libexecdir=/usr/lib --without-included-gettext --enable-threads=posix --libdir=/usr/lib --enable-nls --with-sysroot=/ --enable-clocale=gnu --enable-libstdcxx-debug --enable-libstdcxx-time=yes --with-default-libstdcxx-abi=new --enable-gnu-unique-object --disable-vtable-verify --enable-libmpx --enable-plugin --enable-default-pie --with-system-zlib --with-target-system-zlib --enable-objc-gc=auto --enable-multiarch --disable-werror --with-arch-32=i686 --with-abi=m64 --with-multilib-list=m32,m64,mx32 --enable-multilib --with-tune=generic --enable-offload-targets=nvptx-none --without-cuda-driver --enable-checking=release --build=x86_64-linux-gnu --host=x86_64-linux-gnu --targ
et=x86_64-linux-gnu
Thread model: posix
gcc version 7.3.0 (Ubuntu 7.3.0-27ubuntu1~18.04) 
Stop compiler-version command: 2019-04-06 04:43:06 (1554505986.82944)
Elapsed time for compiler-version command: 00:00:00 (0.161832094192505)
  Compile for '500.perlbench_r' ended at: 2019-04-06 04:43:06 (1554505986)
  Elapsed compile for '500.perlbench_r': 00:00:44 (44)
COMP: "/usr/bin/gcc -std=c99   -m64 -c -o options.o -DSPEC -DNDEBUG -DPERL_CORE -I. -Idist/IO -Icpan/Time-HiRes -Icpan/HTML-Parser -Iext/re -Ispecrand -DDOUBLE_SLASHES_SPECIAL=0 -DSPEC_AUTO_SUPPRESS_OPENMP -D_LARGE_FILES -D_LARGEFILE_SOURCE -D_FILE_OFFSET_BITS=64  -g -O3 -march=native -fno-unsafe-math-optimizations  -fno-tree-loop-vectorize        -DSPEC_LINUX_X64    -fno-strict-aliasing -fgnu89-inline   -DSPEC_LP64  <source>"
C: CC="/usr/bin/gcc -std=c99   -m64"
C: COBJOPT="-c -o options"
P: CPUFLAGS="-DSPEC -DNDEBUG"
P: BENCH_FLAGS="-DPERL_CORE -I. -Idist/IO -Icpan/Time-HiRes -Icpan/HTML-Parser -Iext/re -Ispecrand -DDOUBLE_SLASHES_SPECIAL=0 -DSPEC_AUTO_SUPPRESS_OPENMP -D_LARGE_FILES -D_LARGEFILE_SOURCE -D_FILE_OFFSET_BITS=64"
P: BENCH_CFLAGS=""
O: OPTIMIZE="-g -O3 -march=native -fno-unsafe-math-optimizations  -fno-tree-loop-vectorize"
O: COPTIMIZE=""
P: PORTABILITY="-DSPEC_LINUX_X64"
P: CPORTABILITY=""
O: EXTRA_CFLAGS=""
O: EXTRA_OPTIMIZE=""
O: EXTRA_COPTIMIZE="-fno-strict-aliasing -fgnu89-inline"
P: EXTRA_PORTABILITY="-DSPEC_LP64"
P: EXTRA_CPORTABILITY=""
LINK: "/usr/bin/gcc -std=c99   -m64      -g -O3 -march=native -fno-unsafe-math-optimizations  -fno-tree-loop-vectorize     -DSPEC_LINUX_X64    -fno-strict-aliasing -fgnu89-inline <objects>   -lm         -o options  "
C: LD="/usr/bin/gcc -std=c99   -m64"
O: OPTIMIZE="-g -O3 -march=native -fno-unsafe-math-optimizations  -fno-tree-loop-vectorize"
P: PORTABILITY="-DSPEC_LINUX_X64"
O: EXTRA_COPTIMIZE="-fno-strict-aliasing -fgnu89-inline"
C: MATH_LIBS="-lm"
C: LDOUT="-o options"
 CC_VERSION_OPTION:
Using built-in specs.
COLLECT_GCC=/usr/bin/gcc
COLLECT_LTO_WRAPPER=/usr/lib/gcc/x86_64-linux-gnu/7/lto-wrapper
OFFLOAD_TARGET_NAMES=nvptx-none
OFFLOAD_TARGET_DEFAULT=1
Target: x86_64-linux-gnu
Configured with: ../src/configure -v --with-pkgversion='Ubuntu 7.3.0-27ubuntu1~18.04' --with-bugurl=file:///usr/share/doc/gcc-7/README.Bugs --enable-languages=c,ada,c++,go,brig,d,fortran,objc,obj-c++ --prefix=/usr --with-gcc-major-version-only --program-suffix=-7 --program-prefix=x86_64-linux-gnu- --enable-shared --enable-linker-build-id --libexecdir=/usr/lib --without-included-gettext --enable-threads=posix --libdir=/usr/lib --enable-nls --with-sysroot=/ --enable-clocale=gnu --enable-libstdcxx-debug --enable-libstdcxx-time=yes --with-default-libstdcxx-abi=new --enable-gnu-unique-object --disable-vtable-verify --enable-libmpx --enable-plugin --enable-default-pie --with-system-zlib --with-target-system-zlib --enable-objc-gc=auto --enable-multiarch --disable-werror --with-arch-32=i686 --with-abi=m64 --with-multilib-list=m32,m64,mx32 --enable-multilib --with-tune=generic --enable-offload-targets=nvptx-none --without-cuda-driver --enable-checking=release --build=x86_64-linux-gnu --host=x86_64-linux-gnu --targ
et=x86_64-linux-gnu
Thread model: posix
gcc version 7.3.0 (Ubuntu 7.3.0-27ubuntu1~18.04) 

Build successes for intrate: 500.perlbench_r(base)
Build errors for intrate: None

Setting Up Run Directories
  Setting up 500.perlbench_r test base mytest-m64 (1 copy): run_base_test_mytest-m64.0000
-----------------------------------
Running Benchmarks
-----------------------------------
  Running 500.perlbench_r test base mytest-m64 (1 copy) [2019-04-06 04:43:08]
OpenMP environment variables removed: None
OpenMP environment variables in effect:
	OMP_NUM_THREADS	=> '1'
	OMP_THREAD_LIMIT	=> '1'
Pre-run environment changes:
	'OMP_NUM_THREADS' added: (value now '1')
	'OMP_THREAD_LIMIT' added: (value now '1')
Commands to run (specinvoke command file):
    -r
    -N C
    -C /home/iiitd/Desktop/hw11/benchspec/CPU/500.perlbench_r/run/run_base_test_mytest-m64.0000
    -o makerand.out -e makerand.err ../run_base_test_mytest-m64.0000/perlbench_r_base.mytest-m64 -I. -I./lib makerand.pl > makerand.out 2>> makerand.err (timed)
    -o test.out -e test.err ../run_base_test_mytest-m64.0000/perlbench_r_base.mytest-m64 -I. -I./lib test.pl > test.out 2>> test.err (timed)
Specinvoke: /home/iiitd/Desktop/hw11/bin/specinvoke -d /home/iiitd/Desktop/hw11/benchspec/CPU/500.perlbench_r/run/run_base_test_mytest-m64.0000 -f speccmds.cmd -q -e speccmds.err -o speccmds.stdout
Issuing command '/home/iiitd/Desktop/hw11/bin/specinvoke -d /home/iiitd/Desktop/hw11/benchspec/CPU/500.perlbench_r/run/run_base_test_mytest-m64.0000 -f speccmds.cmd -q -e speccmds.err -o speccmds.stdout'
Start command: 2019-04-06 04:43:08 (1554505988.69883)
Stop command: 2019-04-06 04:43:35 (1554506015.15661)
Elapsed time for command: 00:00:26 (26.457780122757)
Workload elapsed time (copy 0 workload 1) = 0.214143 seconds
Workload elapsed time (copy 0 workload 2) = 26.088652 seconds
Copy 0 of 500.perlbench_r (base test) run 1 finished at 2019-04-06 04:43:35.  Total elapsed time: 26.302795
OpenMP environment variables removed: None
OpenMP environment variables in effect:
	OMP_NUM_THREADS	=> '1'
	OMP_THREAD_LIMIT	=> '1'
Pre-run environment changes:
	'OMP_NUM_THREADS' added: (value now '1')
	'OMP_THREAD_LIMIT' added: (value now '1')
comparing 'makerand.out' with floatcompare=1, nansupport=no
comparing 'test.out' with floatcompare=1, nansupport=no
Specinvoke: /home/iiitd/Desktop/hw11/bin/specinvoke -d /home/iiitd/Desktop/hw11/benchspec/CPU/500.perlbench_r/run/run_base_test_mytest-m64.0000 -f compare.cmd -E -e compare.err -o compare.stdout
Issuing command '/home/iiitd/Desktop/hw11/bin/specinvoke -d /home/iiitd/Desktop/hw11/benchspec/CPU/500.perlbench_r/run/run_base_test_mytest-m64.0000 -f compare.cmd -E -e compare.err -o compare.stdout'
Start command: 2019-04-06 04:43:35 (1554506015.19759)
Stop command: 2019-04-06 04:43:35 (1554506015.61316)
Elapsed time for command: 00:00:00 (0.41556715965271)
Benchmark Times:
  Run Start:    2019-04-06 04:43:08 (1554505988)
  Rate Start:   2019-04-06 04:43:08 (1554505988.70192)
  Rate End:     2019-04-06 04:43:35 (1554506015.00474)
  Run Stop:     2019-04-06 04:43:35 (1554506015)
  Run Elapsed:  00:00:27 (27)
  Run Reported: 00:00:26 (26 302815914 26.302816)
 Success 500.perlbench_r base test ratio=-0.00, runtime=26.302816, copies=1, threads=1, power=0.00W, temp=0.00 degC, humidity=0.00%
Success: 1x500.perlbench_r
Producing Raw Reports
 label: mytest-m64
  workload: test
   benchset: intspeed
   benchset: intrate
   metric: SPECrate2017_int_base
    format: raw -> /home/iiitd/Desktop/hw11/result/CPU2017.001.intrate.test.rsf
Parsing flags for 500.perlbench_r base: done
Doing flag reduction: done
    format: flags -> /home/iiitd/Desktop/hw11/result/CPU2017.001.intrate.test.flags.html
    format: cfg -> /home/iiitd/Desktop/hw11/result/CPU2017.001.intrate.test.cfg, /home/iiitd/Desktop/hw11/result/CPU2017.001.intrate.test.orig.cfg
    format: CSV -> /home/iiitd/Desktop/hw11/result/CPU2017.001.intrate.test.csv
    format: PDF -> /home/iiitd/Desktop/hw11/result/CPU2017.001.intrate.test.pdf
    format: HTML -> /home/iiitd/Desktop/hw11/result/CPU2017.001.intrate.test.html, /home/iiitd/Desktop/hw11/result/invalid.gif
    format: Text -> /home/iiitd/Desktop/hw11/result/CPU2017.001.intrate.test.txt
   benchset: fpspeed
   benchset: fprate
runcpu finished at 2019-04-06 04:43:39; 78 total seconds elapsed
Info: file_tail(7239): file '/home/iiitd/Desktop/hw11/tmp/CPU2017.001/templogs/preenv.intrate.001.0.debug' was removed and will no longer be followed.  No action is required.
The log for this run is in /home/iiitd/Desktop/hw11/result/CPU2017.001.log

runcpu finished at 2019-04-06 04:43:39; 79 total seconds elapsed
